<?xml version="1.0" encoding="utf-8"?>
<CoverageSession xmlns:xsd="http://www.w3.org/2001/XMLSchema" xmlns:xsi="http://www.w3.org/2001/XMLSchema-instance" Version="0.0.0.0">
  <Summary numSequencePoints="2142" visitedSequencePoints="1208" numBranchPoints="0" visitedBranchPoints="0" sequenceCoverage="56.40" branchCoverage="0.0" maxCyclomaticComplexity="11" minCyclomaticComplexity="1" maxCrapScore="90" minCrapScore="1" visitedClasses="39" numClasses="55" visitedMethods="230" numMethods="355" />
  <Modules>
    <Module>
      <Summary numSequencePoints="27" visitedSequencePoints="0" numBranchPoints="0" visitedBranchPoints="0" sequenceCoverage="0.0" branchCoverage="0.0" maxCyclomaticComplexity="2" minCyclomaticComplexity="1" maxCrapScore="6" minCrapScore="2" visitedClasses="0" numClasses="2" visitedMethods="0" numMethods="3" />
      <ModuleTime>0001-01-01T00:00:00</ModuleTime>
      <ModuleName>Tomia.Editor</ModuleName>
      <Files>
        <File uid="1" fullPath="D:/Projects/Tomia/UnityProject-Tomia/Packages/com.orcolom.tomia/Editor/WrenImporter.cs" />
      </Files>
      <Classes>
        <Class>
          <Summary numSequencePoints="21" visitedSequencePoints="0" numBranchPoints="0" visitedBranchPoints="0" sequenceCoverage="0.0" branchCoverage="0.0" maxCyclomaticComplexity="2" minCyclomaticComplexity="1" maxCrapScore="6" minCrapScore="2" visitedClasses="0" numClasses="1" visitedMethods="0" numMethods="2" />
          <FullName>Tomia.Editor.WrenImporter</FullName>
          <Methods>
            <Method visited="false" cyclomaticComplexity="2" nPathComplexity="0" sequenceCoverage="0.0" branchCoverage="0" crapScore="6" isConstructor="false" isStatic="false" isGetter="false" isSetter="false">
              <Summary numSequencePoints="20" visitedSequencePoints="0" numBranchPoints="0" visitedBranchPoints="0" sequenceCoverage="0.0" branchCoverage="0" maxCyclomaticComplexity="2" minCyclomaticComplexity="2" maxCrapScore="6" minCrapScore="6" visitedClasses="0" numClasses="0" visitedMethods="0" numMethods="1" />
              <MetadataToken>100663297</MetadataToken>
              <Name>System.Void Tomia.Editor.WrenImporter::OnImportAsset(UnityEditor.AssetImporters.AssetImportContext)</Name>
              <FileRef uid="1" />
              <SequencePoints>
                <SequencePoint vc="0" uspid="1" ordinal="0" offset="6" sl="15" sc="0" el="15" ec="0" bec="0" bev="0" fileid="1" />
                <SequencePoint vc="0" uspid="2" ordinal="0" offset="7" sl="16" sc="0" el="16" ec="0" bec="0" bev="0" fileid="1" />
                <SequencePoint vc="0" uspid="3" ordinal="0" offset="18" sl="17" sc="0" el="17" ec="0" bec="0" bev="0" fileid="1" />
                <SequencePoint vc="0" uspid="4" ordinal="0" offset="30" sl="18" sc="0" el="18" ec="0" bec="0" bev="0" fileid="1" />
                <SequencePoint vc="0" uspid="5" ordinal="0" offset="42" sl="20" sc="0" el="20" ec="0" bec="0" bev="0" fileid="1" />
                <SequencePoint vc="0" uspid="6" ordinal="0" offset="49" sl="21" sc="0" el="21" ec="0" bec="0" bev="0" fileid="1" />
                <SequencePoint vc="0" uspid="7" ordinal="0" offset="58" sl="22" sc="0" el="22" ec="0" bec="0" bev="0" fileid="1" />
                <SequencePoint vc="0" uspid="8" ordinal="0" offset="67" sl="23" sc="0" el="23" ec="0" bec="0" bev="0" fileid="1" />
                <SequencePoint vc="0" uspid="9" ordinal="0" offset="78" sl="24" sc="0" el="24" ec="0" bec="0" bev="0" fileid="1" />
                <SequencePoint vc="0" uspid="10" ordinal="0" offset="87" sl="26" sc="0" el="26" ec="0" bec="0" bev="0" fileid="1" />
                <SequencePoint vc="0" uspid="11" ordinal="0" offset="98" sl="27" sc="0" el="27" ec="0" bec="0" bev="0" fileid="1" />
                <SequencePoint vc="0" uspid="12" ordinal="0" offset="105" sl="28" sc="0" el="28" ec="0" bec="0" bev="0" fileid="1" />
                <SequencePoint vc="0" uspid="13" ordinal="0" offset="122" sl="30" sc="0" el="30" ec="0" bec="0" bev="0" fileid="1" />
                <SequencePoint vc="0" uspid="14" ordinal="0" offset="142" sl="37" sc="0" el="37" ec="0" bec="0" bev="0" fileid="1" />
                <SequencePoint vc="0" uspid="15" ordinal="0" offset="157" sl="39" sc="0" el="39" ec="0" bec="0" bev="0" fileid="1" />
                <SequencePoint vc="0" uspid="16" ordinal="0" offset="176" sl="39" sc="0" el="39" ec="0" bec="0" bev="0" fileid="1" />
                <SequencePoint vc="0" uspid="17" ordinal="0" offset="178" sl="41" sc="0" el="41" ec="0" bec="0" bev="0" fileid="1" />
                <SequencePoint vc="0" uspid="18" ordinal="0" offset="195" sl="42" sc="0" el="42" ec="0" bec="0" bev="0" fileid="1" />
                <SequencePoint vc="0" uspid="19" ordinal="0" offset="215" sl="43" sc="0" el="43" ec="0" bec="0" bev="0" fileid="1" />
                <SequencePoint vc="0" uspid="20" ordinal="0" offset="253" sl="44" sc="0" el="44" ec="0" bec="0" bev="0" fileid="1" />
              </SequencePoints>
              <BranchPoints />
            </Method>
            <Method visited="false" cyclomaticComplexity="1" nPathComplexity="0" sequenceCoverage="0.0" branchCoverage="0" crapScore="2" isConstructor="true" isStatic="true" isGetter="false" isSetter="false">
              <Summary numSequencePoints="1" visitedSequencePoints="0" numBranchPoints="0" visitedBranchPoints="0" sequenceCoverage="0.0" branchCoverage="0" maxCyclomaticComplexity="1" minCyclomaticComplexity="1" maxCrapScore="2" minCrapScore="2" visitedClasses="0" numClasses="0" visitedMethods="0" numMethods="1" />
              <MetadataToken>100663299</MetadataToken>
              <Name>static Tomia.Editor.WrenImporter::WrenImporter()</Name>
              <FileRef uid="1" />
              <SequencePoints>
                <SequencePoint vc="0" uspid="21" ordinal="0" offset="0" sl="12" sc="0" el="12" ec="0" bec="0" bev="0" fileid="1" />
              </SequencePoints>
              <BranchPoints />
            </Method>
          </Methods>
        </Class>
        <Class>
          <Summary numSequencePoints="6" visitedSequencePoints="0" numBranchPoints="0" visitedBranchPoints="0" sequenceCoverage="0.0" branchCoverage="0.0" maxCyclomaticComplexity="2" minCyclomaticComplexity="2" maxCrapScore="6" minCrapScore="6" visitedClasses="0" numClasses="1" visitedMethods="0" numMethods="1" />
          <FullName>Tomia.Editor.WrenImporter/&lt;&gt;c__DisplayClass1_0</FullName>
          <Methods>
            <Method visited="false" cyclomaticComplexity="2" nPathComplexity="0" sequenceCoverage="0.0" branchCoverage="0" crapScore="6" isConstructor="false" isStatic="false" isGetter="false" isSetter="false">
              <Summary numSequencePoints="6" visitedSequencePoints="0" numBranchPoints="0" visitedBranchPoints="0" sequenceCoverage="0.0" branchCoverage="0" maxCyclomaticComplexity="2" minCyclomaticComplexity="2" maxCrapScore="6" minCrapScore="6" visitedClasses="0" numClasses="0" visitedMethods="0" numMethods="1" />
              <MetadataToken>100663301</MetadataToken>
              <Name>System.Void Tomia.Editor.WrenImporter/&lt;&gt;c__DisplayClass1_0::&lt;OnImportAsset&gt;b__0(Tomia.Vm, Tomia.ErrorType, System.String, System.Int32, System.String)</Name>
              <FileRef uid="1" />
              <SequencePoints>
                <SequencePoint vc="0" uspid="22" ordinal="0" offset="0" sl="31" sc="0" el="31" ec="0" bec="0" bev="0" fileid="1" />
                <SequencePoint vc="0" uspid="23" ordinal="0" offset="1" sl="32" sc="0" el="32" ec="0" bec="0" bev="0" fileid="1" />
                <SequencePoint vc="0" uspid="24" ordinal="0" offset="9" sl="32" sc="0" el="32" ec="0" bec="0" bev="0" fileid="1" />
                <SequencePoint vc="0" uspid="25" ordinal="0" offset="11" sl="33" sc="0" el="33" ec="0" bec="0" bev="0" fileid="1" />
                <SequencePoint vc="0" uspid="26" ordinal="0" offset="41" sl="34" sc="0" el="34" ec="0" bec="0" bev="0" fileid="1" />
                <SequencePoint vc="0" uspid="27" ordinal="0" offset="57" sl="35" sc="0" el="35" ec="0" bec="0" bev="0" fileid="1" />
              </SequencePoints>
              <BranchPoints />
            </Method>
          </Methods>
        </Class>
      </Classes>
    </Module>
    <Module>
      <Summary numSequencePoints="339" visitedSequencePoints="287" numBranchPoints="0" visitedBranchPoints="0" sequenceCoverage="84.66" branchCoverage="0.0" maxCyclomaticComplexity="9" minCyclomaticComplexity="1" maxCrapScore="14.11" minCrapScore="1" visitedClasses="7" numClasses="7" visitedMethods="52" numMethods="54" />
      <ModuleTime>0001-01-01T00:00:00</ModuleTime>
      <ModuleName>Tomia.Tests.Editor</ModuleName>
      <Files>
        <File uid="2" fullPath="D:/Projects/Tomia/UnityProject-Tomia/Packages/com.orcolom.tomia/Tests/Editor/TestsSlot.cs" />
        <File uid="3" fullPath="D:/Projects/Tomia/UnityProject-Tomia/Packages/com.orcolom.tomia/Tests/Editor/TestsVm.cs" />
        <File uid="4" fullPath="D:/Projects/Tomia/UnityProject-Tomia/Packages/com.orcolom.tomia/Tests/Editor/Helpers/InterpretTest.cs" />
        <File uid="5" fullPath="D:/Projects/Tomia/UnityProject-Tomia/Packages/com.orcolom.tomia/Tests/Editor/Helpers/Marker.cs" />
      </Files>
      <Classes>
        <Class>
          <Summary numSequencePoints="34" visitedSequencePoints="34" numBranchPoints="0" visitedBranchPoints="0" sequenceCoverage="100.0" branchCoverage="0.0" maxCyclomaticComplexity="3" minCyclomaticComplexity="1" maxCrapScore="3" minCrapScore="1" visitedClasses="1" numClasses="1" visitedMethods="9" numMethods="9" />
          <FullName>Tests.TestsSlot</FullName>
          <Methods>
            <Method visited="true" cyclomaticComplexity="1" nPathComplexity="0" sequenceCoverage="100.0" branchCoverage="0" crapScore="1" isConstructor="false" isStatic="false" isGetter="false" isSetter="false">
              <Summary numSequencePoints="6" visitedSequencePoints="6" numBranchPoints="0" visitedBranchPoints="0" sequenceCoverage="100.0" branchCoverage="0" maxCyclomaticComplexity="1" minCyclomaticComplexity="1" maxCrapScore="1" minCrapScore="1" visitedClasses="0" numClasses="0" visitedMethods="1" numMethods="1" />
              <MetadataToken>100663297</MetadataToken>
              <Name>System.Void Tests.TestsSlot::Vm_Setup()</Name>
              <FileRef uid="2" />
              <SequencePoints>
                <SequencePoint vc="7" uspid="28" ordinal="0" offset="0" sl="15" sc="3" el="15" ec="3" bec="0" bev="0" fileid="2" />
                <SequencePoint vc="7" uspid="29" ordinal="0" offset="1" sl="16" sc="4" el="16" ec="4" bec="0" bev="0" fileid="2" />
                <SequencePoint vc="7" uspid="30" ordinal="0" offset="21" sl="17" sc="4" el="17" ec="4" bec="0" bev="0" fileid="2" />
                <SequencePoint vc="7" uspid="31" ordinal="0" offset="43" sl="20" sc="4" el="20" ec="4" bec="0" bev="0" fileid="2" />
                <SequencePoint vc="7" uspid="32" ordinal="0" offset="56" sl="21" sc="4" el="21" ec="4" bec="0" bev="0" fileid="2" />
                <SequencePoint vc="7" uspid="33" ordinal="0" offset="83" sl="22" sc="3" el="22" ec="3" bec="0" bev="0" fileid="2" />
              </SequencePoints>
              <BranchPoints />
            </Method>
            <Method visited="true" cyclomaticComplexity="1" nPathComplexity="0" sequenceCoverage="100.0" branchCoverage="0" crapScore="1" isConstructor="false" isStatic="false" isGetter="false" isSetter="false">
              <Summary numSequencePoints="7" visitedSequencePoints="7" numBranchPoints="0" visitedBranchPoints="0" sequenceCoverage="100.0" branchCoverage="0" maxCyclomaticComplexity="1" minCyclomaticComplexity="1" maxCrapScore="1" minCrapScore="1" visitedClasses="0" numClasses="0" visitedMethods="1" numMethods="1" />
              <MetadataToken>100663298</MetadataToken>
              <Name>System.Void Tests.TestsSlot::GetSetTest[T](Tomia.Slot&amp;, Tomia.ValueType, T, System.Func[Slot,T], System.Action[Slot,T])</Name>
              <FileRef uid="2" />
              <SequencePoints>
                <SequencePoint vc="6" uspid="34" ordinal="0" offset="0" sl="25" sc="0" el="25" ec="0" bec="0" bev="0" fileid="2" />
                <SequencePoint vc="6" uspid="35" ordinal="0" offset="1" sl="26" sc="0" el="26" ec="0" bec="0" bev="0" fileid="2" />
                <SequencePoint vc="6" uspid="36" ordinal="0" offset="34" sl="27" sc="0" el="27" ec="0" bec="0" bev="0" fileid="2" />
                <SequencePoint vc="6" uspid="37" ordinal="0" offset="49" sl="28" sc="0" el="28" ec="0" bec="0" bev="0" fileid="2" />
                <SequencePoint vc="6" uspid="38" ordinal="0" offset="82" sl="29" sc="0" el="29" ec="0" bec="0" bev="0" fileid="2" />
                <SequencePoint vc="6" uspid="39" ordinal="0" offset="96" sl="30" sc="0" el="30" ec="0" bec="0" bev="0" fileid="2" />
                <SequencePoint vc="6" uspid="40" ordinal="0" offset="114" sl="31" sc="0" el="31" ec="0" bec="0" bev="0" fileid="2" />
              </SequencePoints>
              <BranchPoints />
            </Method>
            <Method visited="true" cyclomaticComplexity="3" nPathComplexity="0" sequenceCoverage="100.0" branchCoverage="0" crapScore="3" isConstructor="false" isStatic="false" isGetter="false" isSetter="false">
              <Summary numSequencePoints="3" visitedSequencePoints="3" numBranchPoints="0" visitedBranchPoints="0" sequenceCoverage="100.0" branchCoverage="0" maxCyclomaticComplexity="3" minCyclomaticComplexity="3" maxCrapScore="3" minCrapScore="3" visitedClasses="0" numClasses="0" visitedMethods="1" numMethods="1" />
              <MetadataToken>100663299</MetadataToken>
              <Name>System.Void Tests.TestsSlot::Slot_Bool()</Name>
              <FileRef uid="2" />
              <SequencePoints>
                <SequencePoint vc="1" uspid="41" ordinal="0" offset="0" sl="35" sc="3" el="35" ec="3" bec="0" bev="0" fileid="2" />
                <SequencePoint vc="1" uspid="42" ordinal="0" offset="1" sl="36" sc="4" el="36" ec="4" bec="0" bev="0" fileid="2" />
                <SequencePoint vc="1" uspid="43" ordinal="0" offset="83" sl="40" sc="3" el="40" ec="3" bec="0" bev="0" fileid="2" />
              </SequencePoints>
              <BranchPoints />
            </Method>
            <Method visited="true" cyclomaticComplexity="3" nPathComplexity="0" sequenceCoverage="100.0" branchCoverage="0" crapScore="3" isConstructor="false" isStatic="false" isGetter="false" isSetter="false">
              <Summary numSequencePoints="3" visitedSequencePoints="3" numBranchPoints="0" visitedBranchPoints="0" sequenceCoverage="100.0" branchCoverage="0" maxCyclomaticComplexity="3" minCyclomaticComplexity="3" maxCrapScore="3" minCrapScore="3" visitedClasses="0" numClasses="0" visitedMethods="1" numMethods="1" />
              <MetadataToken>100663300</MetadataToken>
              <Name>System.Void Tests.TestsSlot::Slot_Double()</Name>
              <FileRef uid="2" />
              <SequencePoints>
                <SequencePoint vc="1" uspid="44" ordinal="0" offset="0" sl="44" sc="3" el="44" ec="3" bec="0" bev="0" fileid="2" />
                <SequencePoint vc="1" uspid="45" ordinal="0" offset="1" sl="45" sc="4" el="45" ec="4" bec="0" bev="0" fileid="2" />
                <SequencePoint vc="1" uspid="46" ordinal="0" offset="91" sl="49" sc="3" el="49" ec="3" bec="0" bev="0" fileid="2" />
              </SequencePoints>
              <BranchPoints />
            </Method>
            <Method visited="true" cyclomaticComplexity="3" nPathComplexity="0" sequenceCoverage="100.0" branchCoverage="0" crapScore="3" isConstructor="false" isStatic="false" isGetter="false" isSetter="false">
              <Summary numSequencePoints="3" visitedSequencePoints="3" numBranchPoints="0" visitedBranchPoints="0" sequenceCoverage="100.0" branchCoverage="0" maxCyclomaticComplexity="3" minCyclomaticComplexity="3" maxCrapScore="3" minCrapScore="3" visitedClasses="0" numClasses="0" visitedMethods="1" numMethods="1" />
              <MetadataToken>100663301</MetadataToken>
              <Name>System.Void Tests.TestsSlot::Slot_Float()</Name>
              <FileRef uid="2" />
              <SequencePoints>
                <SequencePoint vc="1" uspid="47" ordinal="0" offset="0" sl="53" sc="3" el="53" ec="3" bec="0" bev="0" fileid="2" />
                <SequencePoint vc="1" uspid="48" ordinal="0" offset="1" sl="54" sc="4" el="54" ec="4" bec="0" bev="0" fileid="2" />
                <SequencePoint vc="1" uspid="49" ordinal="0" offset="87" sl="58" sc="3" el="58" ec="3" bec="0" bev="0" fileid="2" />
              </SequencePoints>
              <BranchPoints />
            </Method>
            <Method visited="true" cyclomaticComplexity="3" nPathComplexity="0" sequenceCoverage="100.0" branchCoverage="0" crapScore="3" isConstructor="false" isStatic="false" isGetter="false" isSetter="false">
              <Summary numSequencePoints="3" visitedSequencePoints="3" numBranchPoints="0" visitedBranchPoints="0" sequenceCoverage="100.0" branchCoverage="0" maxCyclomaticComplexity="3" minCyclomaticComplexity="3" maxCrapScore="3" minCrapScore="3" visitedClasses="0" numClasses="0" visitedMethods="1" numMethods="1" />
              <MetadataToken>100663302</MetadataToken>
              <Name>System.Void Tests.TestsSlot::Slot_Int()</Name>
              <FileRef uid="2" />
              <SequencePoints>
                <SequencePoint vc="1" uspid="50" ordinal="0" offset="0" sl="62" sc="3" el="62" ec="3" bec="0" bev="0" fileid="2" />
                <SequencePoint vc="1" uspid="51" ordinal="0" offset="1" sl="63" sc="4" el="63" ec="4" bec="0" bev="0" fileid="2" />
                <SequencePoint vc="1" uspid="52" ordinal="0" offset="84" sl="67" sc="3" el="67" ec="3" bec="0" bev="0" fileid="2" />
              </SequencePoints>
              <BranchPoints />
            </Method>
            <Method visited="true" cyclomaticComplexity="3" nPathComplexity="0" sequenceCoverage="100.0" branchCoverage="0" crapScore="3" isConstructor="false" isStatic="false" isGetter="false" isSetter="false">
              <Summary numSequencePoints="3" visitedSequencePoints="3" numBranchPoints="0" visitedBranchPoints="0" sequenceCoverage="100.0" branchCoverage="0" maxCyclomaticComplexity="3" minCyclomaticComplexity="3" maxCrapScore="3" minCrapScore="3" visitedClasses="0" numClasses="0" visitedMethods="1" numMethods="1" />
              <MetadataToken>100663303</MetadataToken>
              <Name>System.Void Tests.TestsSlot::Slot_String()</Name>
              <FileRef uid="2" />
              <SequencePoints>
                <SequencePoint vc="1" uspid="53" ordinal="0" offset="0" sl="71" sc="3" el="71" ec="3" bec="0" bev="0" fileid="2" />
                <SequencePoint vc="1" uspid="54" ordinal="0" offset="1" sl="72" sc="4" el="72" ec="4" bec="0" bev="0" fileid="2" />
                <SequencePoint vc="1" uspid="55" ordinal="0" offset="87" sl="76" sc="3" el="76" ec="3" bec="0" bev="0" fileid="2" />
              </SequencePoints>
              <BranchPoints />
            </Method>
            <Method visited="true" cyclomaticComplexity="3" nPathComplexity="0" sequenceCoverage="100.0" branchCoverage="0" crapScore="3" isConstructor="false" isStatic="false" isGetter="false" isSetter="false">
              <Summary numSequencePoints="3" visitedSequencePoints="3" numBranchPoints="0" visitedBranchPoints="0" sequenceCoverage="100.0" branchCoverage="0" maxCyclomaticComplexity="3" minCyclomaticComplexity="3" maxCrapScore="3" minCrapScore="3" visitedClasses="0" numClasses="0" visitedMethods="1" numMethods="1" />
              <MetadataToken>100663304</MetadataToken>
              <Name>System.Void Tests.TestsSlot::Slot_Bytes()</Name>
              <FileRef uid="2" />
              <SequencePoints>
                <SequencePoint vc="1" uspid="56" ordinal="0" offset="0" sl="80" sc="3" el="80" ec="3" bec="0" bev="0" fileid="2" />
                <SequencePoint vc="1" uspid="57" ordinal="0" offset="1" sl="81" sc="4" el="81" ec="4" bec="0" bev="0" fileid="2" />
                <SequencePoint vc="1" uspid="58" ordinal="0" offset="97" sl="85" sc="3" el="85" ec="3" bec="0" bev="0" fileid="2" />
              </SequencePoints>
              <BranchPoints />
            </Method>
            <Method visited="true" cyclomaticComplexity="1" nPathComplexity="0" sequenceCoverage="100.0" branchCoverage="0" crapScore="1" isConstructor="false" isStatic="false" isGetter="false" isSetter="false">
              <Summary numSequencePoints="3" visitedSequencePoints="3" numBranchPoints="0" visitedBranchPoints="0" sequenceCoverage="100.0" branchCoverage="0" maxCyclomaticComplexity="1" minCyclomaticComplexity="1" maxCrapScore="1" minCrapScore="1" visitedClasses="0" numClasses="0" visitedMethods="1" numMethods="1" />
              <MetadataToken>100663305</MetadataToken>
              <Name>System.Void Tests.TestsSlot::Slot_Null()</Name>
              <FileRef uid="2" />
              <SequencePoints>
                <SequencePoint vc="1" uspid="59" ordinal="0" offset="0" sl="89" sc="3" el="89" ec="3" bec="0" bev="0" fileid="2" />
                <SequencePoint vc="1" uspid="60" ordinal="0" offset="1" sl="90" sc="4" el="90" ec="4" bec="0" bev="0" fileid="2" />
                <SequencePoint vc="1" uspid="61" ordinal="0" offset="34" sl="91" sc="3" el="91" ec="3" bec="0" bev="0" fileid="2" />
              </SequencePoints>
              <BranchPoints />
            </Method>
          </Methods>
        </Class>
        <Class>
          <Summary numSequencePoints="126" visitedSequencePoints="126" numBranchPoints="0" visitedBranchPoints="0" sequenceCoverage="100.0" branchCoverage="0.0" maxCyclomaticComplexity="3" minCyclomaticComplexity="1" maxCrapScore="3" minCrapScore="1" visitedClasses="1" numClasses="1" visitedMethods="11" numMethods="11" />
          <FullName>Tests.TestsVm</FullName>
          <Methods>
            <Method visited="true" cyclomaticComplexity="1" nPathComplexity="0" sequenceCoverage="100.0" branchCoverage="0" crapScore="1" isConstructor="false" isStatic="false" isGetter="false" isSetter="false">
              <Summary numSequencePoints="3" visitedSequencePoints="3" numBranchPoints="0" visitedBranchPoints="0" sequenceCoverage="100.0" branchCoverage="0" maxCyclomaticComplexity="1" minCyclomaticComplexity="1" maxCrapScore="1" minCrapScore="1" visitedClasses="0" numClasses="0" visitedMethods="1" numMethods="1" />
              <MetadataToken>100663307</MetadataToken>
              <Name>System.Void Tests.TestsVm::Wren_IsSupported()</Name>
              <FileRef uid="3" />
              <SequencePoints>
                <SequencePoint vc="1" uspid="62" ordinal="0" offset="0" sl="13" sc="3" el="13" ec="3" bec="0" bev="0" fileid="3" />
                <SequencePoint vc="1" uspid="63" ordinal="0" offset="1" sl="14" sc="4" el="14" ec="4" bec="0" bev="0" fileid="3" />
                <SequencePoint vc="1" uspid="64" ordinal="0" offset="12" sl="15" sc="3" el="15" ec="3" bec="0" bev="0" fileid="3" />
              </SequencePoints>
              <BranchPoints />
            </Method>
            <Method visited="true" cyclomaticComplexity="1" nPathComplexity="0" sequenceCoverage="100.0" branchCoverage="0" crapScore="1" isConstructor="false" isStatic="false" isGetter="false" isSetter="false">
              <Summary numSequencePoints="7" visitedSequencePoints="7" numBranchPoints="0" visitedBranchPoints="0" sequenceCoverage="100.0" branchCoverage="0" maxCyclomaticComplexity="1" minCyclomaticComplexity="1" maxCrapScore="1" minCrapScore="1" visitedClasses="0" numClasses="0" visitedMethods="1" numMethods="1" />
              <MetadataToken>100663308</MetadataToken>
              <Name>System.Void Tests.TestsVm::Vm_New_Dispose()</Name>
              <FileRef uid="3" />
              <SequencePoints>
                <SequencePoint vc="1" uspid="65" ordinal="0" offset="0" sl="23" sc="3" el="23" ec="3" bec="0" bev="0" fileid="3" />
                <SequencePoint vc="1" uspid="66" ordinal="0" offset="1" sl="24" sc="4" el="24" ec="4" bec="0" bev="0" fileid="3" />
                <SequencePoint vc="1" uspid="67" ordinal="0" offset="16" sl="25" sc="4" el="25" ec="4" bec="0" bev="0" fileid="3" />
                <SequencePoint vc="1" uspid="68" ordinal="0" offset="28" sl="26" sc="4" el="26" ec="4" bec="0" bev="0" fileid="3" />
                <SequencePoint vc="1" uspid="69" ordinal="0" offset="36" sl="27" sc="4" el="27" ec="4" bec="0" bev="0" fileid="3" />
                <SequencePoint vc="1" uspid="70" ordinal="0" offset="48" sl="28" sc="3" el="28" ec="3" bec="0" bev="0" fileid="3" />
                <SequencePoint vc="1" uspid="71" ordinal="0" offset="65" sl="28" sc="3" el="28" ec="3" bec="0" bev="0" fileid="3" />
              </SequencePoints>
              <BranchPoints />
            </Method>
            <Method visited="true" cyclomaticComplexity="2" nPathComplexity="0" sequenceCoverage="100.0" branchCoverage="0" crapScore="2" isConstructor="false" isStatic="false" isGetter="false" isSetter="false">
              <Summary numSequencePoints="7" visitedSequencePoints="7" numBranchPoints="0" visitedBranchPoints="0" sequenceCoverage="100.0" branchCoverage="0" maxCyclomaticComplexity="2" minCyclomaticComplexity="2" maxCrapScore="2" minCrapScore="2" visitedClasses="0" numClasses="0" visitedMethods="1" numMethods="1" />
              <MetadataToken>100663309</MetadataToken>
              <Name>System.Void Tests.TestsVm::Interpret_CompileError()</Name>
              <FileRef uid="3" />
              <SequencePoints>
                <SequencePoint vc="1" uspid="72" ordinal="0" offset="0" sl="36" sc="3" el="36" ec="3" bec="0" bev="0" fileid="3" />
                <SequencePoint vc="1" uspid="73" ordinal="0" offset="1" sl="37" sc="4" el="37" ec="4" bec="0" bev="0" fileid="3" />
                <SequencePoint vc="1" uspid="74" ordinal="0" offset="16" sl="39" sc="4" el="39" ec="4" bec="0" bev="0" fileid="3" />
                <SequencePoint vc="1" uspid="75" ordinal="0" offset="22" sl="40" sc="4" el="40" ec="4" bec="0" bev="0" fileid="3" />
                <SequencePoint vc="1" uspid="76" ordinal="0" offset="30" sl="41" sc="4" el="41" ec="4" bec="0" bev="0" fileid="3" />
                <SequencePoint vc="1" uspid="77" ordinal="0" offset="49" sl="42" sc="3" el="42" ec="3" bec="0" bev="0" fileid="3" />
                <SequencePoint vc="1" uspid="78" ordinal="0" offset="77" sl="42" sc="3" el="42" ec="3" bec="0" bev="0" fileid="3" />
              </SequencePoints>
              <BranchPoints />
            </Method>
            <Method visited="true" cyclomaticComplexity="2" nPathComplexity="0" sequenceCoverage="100.0" branchCoverage="0" crapScore="2" isConstructor="false" isStatic="false" isGetter="false" isSetter="false">
              <Summary numSequencePoints="7" visitedSequencePoints="7" numBranchPoints="0" visitedBranchPoints="0" sequenceCoverage="100.0" branchCoverage="0" maxCyclomaticComplexity="2" minCyclomaticComplexity="2" maxCrapScore="2" minCrapScore="2" visitedClasses="0" numClasses="0" visitedMethods="1" numMethods="1" />
              <MetadataToken>100663310</MetadataToken>
              <Name>System.Void Tests.TestsVm::Interpret_RuntimeError()</Name>
              <FileRef uid="3" />
              <SequencePoints>
                <SequencePoint vc="1" uspid="79" ordinal="0" offset="0" sl="46" sc="3" el="46" ec="3" bec="0" bev="0" fileid="3" />
                <SequencePoint vc="1" uspid="80" ordinal="0" offset="1" sl="47" sc="4" el="47" ec="4" bec="0" bev="0" fileid="3" />
                <SequencePoint vc="1" uspid="81" ordinal="0" offset="16" sl="49" sc="4" el="49" ec="4" bec="0" bev="0" fileid="3" />
                <SequencePoint vc="1" uspid="82" ordinal="0" offset="22" sl="50" sc="4" el="50" ec="4" bec="0" bev="0" fileid="3" />
                <SequencePoint vc="1" uspid="83" ordinal="0" offset="30" sl="51" sc="4" el="51" ec="4" bec="0" bev="0" fileid="3" />
                <SequencePoint vc="1" uspid="84" ordinal="0" offset="49" sl="52" sc="3" el="52" ec="3" bec="0" bev="0" fileid="3" />
                <SequencePoint vc="1" uspid="85" ordinal="0" offset="77" sl="52" sc="3" el="52" ec="3" bec="0" bev="0" fileid="3" />
              </SequencePoints>
              <BranchPoints />
            </Method>
            <Method visited="true" cyclomaticComplexity="2" nPathComplexity="0" sequenceCoverage="100.0" branchCoverage="0" crapScore="2" isConstructor="false" isStatic="false" isGetter="false" isSetter="false">
              <Summary numSequencePoints="8" visitedSequencePoints="8" numBranchPoints="0" visitedBranchPoints="0" sequenceCoverage="100.0" branchCoverage="0" maxCyclomaticComplexity="2" minCyclomaticComplexity="2" maxCrapScore="2" minCrapScore="2" visitedClasses="0" numClasses="0" visitedMethods="1" numMethods="1" />
              <MetadataToken>100663311</MetadataToken>
              <Name>System.Void Tests.TestsVm::Interpret_Success()</Name>
              <FileRef uid="3" />
              <SequencePoints>
                <SequencePoint vc="1" uspid="86" ordinal="0" offset="0" sl="56" sc="3" el="56" ec="3" bec="0" bev="0" fileid="3" />
                <SequencePoint vc="1" uspid="87" ordinal="0" offset="1" sl="57" sc="4" el="57" ec="4" bec="0" bev="0" fileid="3" />
                <SequencePoint vc="1" uspid="88" ordinal="0" offset="16" sl="59" sc="4" el="59" ec="4" bec="0" bev="0" fileid="3" />
                <SequencePoint vc="1" uspid="89" ordinal="0" offset="22" sl="60" sc="4" el="60" ec="4" bec="0" bev="0" fileid="3" />
                <SequencePoint vc="1" uspid="90" ordinal="0" offset="30" sl="61" sc="4" el="61" ec="4" bec="0" bev="0" fileid="3" />
                <SequencePoint vc="1" uspid="91" ordinal="0" offset="56" sl="62" sc="4" el="62" ec="4" bec="0" bev="0" fileid="3" />
                <SequencePoint vc="1" uspid="92" ordinal="0" offset="75" sl="63" sc="3" el="63" ec="3" bec="0" bev="0" fileid="3" />
                <SequencePoint vc="1" uspid="93" ordinal="0" offset="103" sl="63" sc="3" el="63" ec="3" bec="0" bev="0" fileid="3" />
              </SequencePoints>
              <BranchPoints />
            </Method>
            <Method visited="true" cyclomaticComplexity="3" nPathComplexity="0" sequenceCoverage="100.0" branchCoverage="0" crapScore="3" isConstructor="false" isStatic="false" isGetter="false" isSetter="false">
              <Summary numSequencePoints="14" visitedSequencePoints="14" numBranchPoints="0" visitedBranchPoints="0" sequenceCoverage="100.0" branchCoverage="0" maxCyclomaticComplexity="3" minCyclomaticComplexity="3" maxCrapScore="3" minCrapScore="3" visitedClasses="0" numClasses="0" visitedMethods="1" numMethods="1" />
              <MetadataToken>100663312</MetadataToken>
              <Name>System.Void Tests.TestsVm::Interpret_SameModuleName()</Name>
              <FileRef uid="3" />
              <SequencePoints>
                <SequencePoint vc="1" uspid="94" ordinal="0" offset="0" sl="67" sc="3" el="67" ec="3" bec="0" bev="0" fileid="3" />
                <SequencePoint vc="1" uspid="95" ordinal="0" offset="1" sl="68" sc="4" el="68" ec="4" bec="0" bev="0" fileid="3" />
                <SequencePoint vc="1" uspid="96" ordinal="0" offset="16" sl="70" sc="11" el="70" ec="11" bec="0" bev="0" fileid="3" />
                <SequencePoint vc="1" uspid="97" ordinal="0" offset="22" sl="71" sc="4" el="71" ec="4" bec="0" bev="0" fileid="3" />
                <SequencePoint vc="1" uspid="98" ordinal="0" offset="23" sl="72" sc="5" el="72" ec="5" bec="0" bev="0" fileid="3" />
                <SequencePoint vc="1" uspid="99" ordinal="0" offset="31" sl="73" sc="5" el="73" ec="5" bec="0" bev="0" fileid="3" />
                <SequencePoint vc="1" uspid="100" ordinal="0" offset="50" sl="74" sc="4" el="74" ec="4" bec="0" bev="0" fileid="3" />
                <SequencePoint vc="1" uspid="101" ordinal="0" offset="64" sl="76" sc="11" el="76" ec="11" bec="0" bev="0" fileid="3" />
                <SequencePoint vc="1" uspid="102" ordinal="0" offset="70" sl="77" sc="4" el="77" ec="4" bec="0" bev="0" fileid="3" />
                <SequencePoint vc="1" uspid="103" ordinal="0" offset="71" sl="78" sc="5" el="78" ec="5" bec="0" bev="0" fileid="3" />
                <SequencePoint vc="1" uspid="104" ordinal="0" offset="79" sl="79" sc="5" el="79" ec="5" bec="0" bev="0" fileid="3" />
                <SequencePoint vc="1" uspid="105" ordinal="0" offset="98" sl="80" sc="4" el="80" ec="4" bec="0" bev="0" fileid="3" />
                <SequencePoint vc="1" uspid="106" ordinal="0" offset="112" sl="81" sc="3" el="81" ec="3" bec="0" bev="0" fileid="3" />
                <SequencePoint vc="1" uspid="107" ordinal="0" offset="129" sl="81" sc="3" el="81" ec="3" bec="0" bev="0" fileid="3" />
              </SequencePoints>
              <BranchPoints />
            </Method>
            <Method visited="true" cyclomaticComplexity="3" nPathComplexity="0" sequenceCoverage="100.0" branchCoverage="0" crapScore="3" isConstructor="false" isStatic="false" isGetter="false" isSetter="false">
              <Summary numSequencePoints="18" visitedSequencePoints="18" numBranchPoints="0" visitedBranchPoints="0" sequenceCoverage="100.0" branchCoverage="0" maxCyclomaticComplexity="3" minCyclomaticComplexity="3" maxCrapScore="3" minCrapScore="3" visitedClasses="0" numClasses="0" visitedMethods="1" numMethods="1" />
              <MetadataToken>100663313</MetadataToken>
              <Name>System.Void Tests.TestsVm::Call()</Name>
              <FileRef uid="3" />
              <SequencePoints>
                <SequencePoint vc="1" uspid="108" ordinal="0" offset="0" sl="89" sc="3" el="89" ec="3" bec="0" bev="0" fileid="3" />
                <SequencePoint vc="1" uspid="109" ordinal="0" offset="1" sl="90" sc="4" el="90" ec="4" bec="0" bev="0" fileid="3" />
                <SequencePoint vc="1" uspid="110" ordinal="0" offset="16" sl="92" sc="11" el="92" ec="11" bec="0" bev="0" fileid="3" />
                <SequencePoint vc="1" uspid="111" ordinal="0" offset="22" sl="93" sc="4" el="93" ec="4" bec="0" bev="0" fileid="3" />
                <SequencePoint vc="1" uspid="112" ordinal="0" offset="23" sl="94" sc="5" el="94" ec="5" bec="0" bev="0" fileid="3" />
                <SequencePoint vc="1" uspid="113" ordinal="0" offset="31" sl="95" sc="5" el="95" ec="5" bec="0" bev="0" fileid="3" />
                <SequencePoint vc="1" uspid="114" ordinal="0" offset="50" sl="96" sc="4" el="96" ec="4" bec="0" bev="0" fileid="3" />
                <SequencePoint vc="1" uspid="115" ordinal="0" offset="64" sl="98" sc="11" el="98" ec="11" bec="0" bev="0" fileid="3" />
                <SequencePoint vc="1" uspid="116" ordinal="0" offset="70" sl="99" sc="4" el="99" ec="4" bec="0" bev="0" fileid="3" />
                <SequencePoint vc="1" uspid="117" ordinal="0" offset="71" sl="100" sc="5" el="100" ec="5" bec="0" bev="0" fileid="3" />
                <SequencePoint vc="1" uspid="118" ordinal="0" offset="79" sl="102" sc="5" el="102" ec="5" bec="0" bev="0" fileid="3" />
                <SequencePoint vc="1" uspid="119" ordinal="0" offset="92" sl="103" sc="5" el="103" ec="5" bec="0" bev="0" fileid="3" />
                <SequencePoint vc="1" uspid="120" ordinal="0" offset="100" sl="104" sc="5" el="104" ec="5" bec="0" bev="0" fileid="3" />
                <SequencePoint vc="1" uspid="121" ordinal="0" offset="122" sl="105" sc="5" el="105" ec="5" bec="0" bev="0" fileid="3" />
                <SequencePoint vc="1" uspid="122" ordinal="0" offset="139" sl="106" sc="5" el="106" ec="5" bec="0" bev="0" fileid="3" />
                <SequencePoint vc="1" uspid="123" ordinal="0" offset="167" sl="107" sc="4" el="107" ec="4" bec="0" bev="0" fileid="3" />
                <SequencePoint vc="1" uspid="124" ordinal="0" offset="181" sl="108" sc="3" el="108" ec="3" bec="0" bev="0" fileid="3" />
                <SequencePoint vc="1" uspid="125" ordinal="0" offset="198" sl="108" sc="3" el="108" ec="3" bec="0" bev="0" fileid="3" />
              </SequencePoints>
              <BranchPoints />
            </Method>
            <Method visited="true" cyclomaticComplexity="2" nPathComplexity="0" sequenceCoverage="100.0" branchCoverage="0" crapScore="2" isConstructor="false" isStatic="false" isGetter="false" isSetter="false">
              <Summary numSequencePoints="19" visitedSequencePoints="19" numBranchPoints="0" visitedBranchPoints="0" sequenceCoverage="100.0" branchCoverage="0" maxCyclomaticComplexity="2" minCyclomaticComplexity="2" maxCrapScore="2" minCrapScore="2" visitedClasses="0" numClasses="0" visitedMethods="1" numMethods="1" />
              <MetadataToken>100663314</MetadataToken>
              <Name>System.Void Tests.TestsVm::CallFail()</Name>
              <FileRef uid="3" />
              <SequencePoints>
                <SequencePoint vc="1" uspid="126" ordinal="0" offset="0" sl="112" sc="3" el="112" ec="3" bec="0" bev="0" fileid="3" />
                <SequencePoint vc="1" uspid="127" ordinal="0" offset="1" sl="113" sc="4" el="113" ec="4" bec="0" bev="0" fileid="3" />
                <SequencePoint vc="1" uspid="128" ordinal="0" offset="16" sl="115" sc="4" el="115" ec="4" bec="0" bev="0" fileid="3" />
                <SequencePoint vc="1" uspid="129" ordinal="0" offset="33" sl="124" sc="4" el="124" ec="4" bec="0" bev="0" fileid="3" />
                <SequencePoint vc="1" uspid="130" ordinal="0" offset="39" sl="125" sc="4" el="125" ec="4" bec="0" bev="0" fileid="3" />
                <SequencePoint vc="1" uspid="131" ordinal="0" offset="47" sl="127" sc="4" el="127" ec="4" bec="0" bev="0" fileid="3" />
                <SequencePoint vc="1" uspid="132" ordinal="0" offset="59" sl="128" sc="4" el="128" ec="4" bec="0" bev="0" fileid="3" />
                <SequencePoint vc="1" uspid="133" ordinal="0" offset="68" sl="129" sc="4" el="129" ec="4" bec="0" bev="0" fileid="3" />
                <SequencePoint vc="1" uspid="134" ordinal="0" offset="90" sl="130" sc="4" el="130" ec="4" bec="0" bev="0" fileid="3" />
                <SequencePoint vc="1" uspid="135" ordinal="0" offset="107" sl="131" sc="4" el="131" ec="4" bec="0" bev="0" fileid="3" />
                <SequencePoint vc="1" uspid="136" ordinal="0" offset="128" sl="132" sc="4" el="132" ec="4" bec="0" bev="0" fileid="3" />
                <SequencePoint vc="1" uspid="137" ordinal="0" offset="140" sl="133" sc="4" el="133" ec="4" bec="0" bev="0" fileid="3" />
                <SequencePoint vc="1" uspid="138" ordinal="0" offset="152" sl="134" sc="4" el="134" ec="4" bec="0" bev="0" fileid="3" />
                <SequencePoint vc="1" uspid="139" ordinal="0" offset="171" sl="135" sc="4" el="135" ec="4" bec="0" bev="0" fileid="3" />
                <SequencePoint vc="1" uspid="140" ordinal="0" offset="190" sl="136" sc="4" el="136" ec="4" bec="0" bev="0" fileid="3" />
                <SequencePoint vc="1" uspid="141" ordinal="0" offset="202" sl="137" sc="4" el="137" ec="4" bec="0" bev="0" fileid="3" />
                <SequencePoint vc="1" uspid="142" ordinal="0" offset="228" sl="138" sc="4" el="138" ec="4" bec="0" bev="0" fileid="3" />
                <SequencePoint vc="1" uspid="143" ordinal="0" offset="239" sl="139" sc="3" el="139" ec="3" bec="0" bev="0" fileid="3" />
                <SequencePoint vc="1" uspid="144" ordinal="0" offset="282" sl="139" sc="3" el="139" ec="3" bec="0" bev="0" fileid="3" />
              </SequencePoints>
              <BranchPoints />
            </Method>
            <Method visited="true" cyclomaticComplexity="3" nPathComplexity="0" sequenceCoverage="100.0" branchCoverage="0" crapScore="3" isConstructor="false" isStatic="false" isGetter="false" isSetter="false">
              <Summary numSequencePoints="22" visitedSequencePoints="22" numBranchPoints="0" visitedBranchPoints="0" sequenceCoverage="100.0" branchCoverage="0" maxCyclomaticComplexity="3" minCyclomaticComplexity="3" maxCrapScore="3" minCrapScore="3" visitedClasses="0" numClasses="0" visitedMethods="1" numMethods="1" />
              <MetadataToken>100663315</MetadataToken>
              <Name>System.Void Tests.TestsVm::Module_Resolve_Load_Success()</Name>
              <FileRef uid="3" />
              <SequencePoints>
                <SequencePoint vc="1" uspid="145" ordinal="0" offset="6" sl="147" sc="3" el="147" ec="3" bec="0" bev="0" fileid="3" />
                <SequencePoint vc="1" uspid="146" ordinal="0" offset="7" sl="148" sc="4" el="148" ec="4" bec="0" bev="0" fileid="3" />
                <SequencePoint vc="1" uspid="147" ordinal="0" offset="22" sl="151" sc="4" el="151" ec="4" bec="0" bev="0" fileid="3" />
                <SequencePoint vc="1" uspid="148" ordinal="0" offset="38" sl="152" sc="4" el="152" ec="4" bec="0" bev="0" fileid="3" />
                <SequencePoint vc="1" uspid="149" ordinal="0" offset="54" sl="155" sc="4" el="155" ec="4" bec="0" bev="0" fileid="3" />
                <SequencePoint vc="1" uspid="150" ordinal="0" offset="73" sl="162" sc="4" el="162" ec="4" bec="0" bev="0" fileid="3" />
                <SequencePoint vc="1" uspid="151" ordinal="0" offset="92" sl="173" sc="11" el="173" ec="11" bec="0" bev="0" fileid="3" />
                <SequencePoint vc="1" uspid="152" ordinal="0" offset="98" sl="174" sc="4" el="174" ec="4" bec="0" bev="0" fileid="3" />
                <SequencePoint vc="1" uspid="153" ordinal="0" offset="99" sl="175" sc="5" el="175" ec="5" bec="0" bev="0" fileid="3" />
                <SequencePoint vc="1" uspid="154" ordinal="0" offset="107" sl="176" sc="5" el="176" ec="5" bec="0" bev="0" fileid="3" />
                <SequencePoint vc="1" uspid="155" ordinal="0" offset="124" sl="177" sc="5" el="177" ec="5" bec="0" bev="0" fileid="3" />
                <SequencePoint vc="1" uspid="156" ordinal="0" offset="152" sl="178" sc="5" el="178" ec="5" bec="0" bev="0" fileid="3" />
                <SequencePoint vc="1" uspid="157" ordinal="0" offset="171" sl="184" sc="4" el="184" ec="4" bec="0" bev="0" fileid="3" />
                <SequencePoint vc="1" uspid="158" ordinal="0" offset="185" sl="186" sc="11" el="186" ec="11" bec="0" bev="0" fileid="3" />
                <SequencePoint vc="1" uspid="159" ordinal="0" offset="192" sl="187" sc="4" el="187" ec="4" bec="0" bev="0" fileid="3" />
                <SequencePoint vc="1" uspid="160" ordinal="0" offset="193" sl="188" sc="5" el="188" ec="5" bec="0" bev="0" fileid="3" />
                <SequencePoint vc="1" uspid="161" ordinal="0" offset="202" sl="189" sc="5" el="189" ec="5" bec="0" bev="0" fileid="3" />
                <SequencePoint vc="1" uspid="162" ordinal="0" offset="220" sl="190" sc="5" el="190" ec="5" bec="0" bev="0" fileid="3" />
                <SequencePoint vc="1" uspid="163" ordinal="0" offset="239" sl="191" sc="5" el="191" ec="5" bec="0" bev="0" fileid="3" />
                <SequencePoint vc="1" uspid="164" ordinal="0" offset="259" sl="196" sc="4" el="196" ec="4" bec="0" bev="0" fileid="3" />
                <SequencePoint vc="1" uspid="165" ordinal="0" offset="275" sl="197" sc="3" el="197" ec="3" bec="0" bev="0" fileid="3" />
                <SequencePoint vc="1" uspid="166" ordinal="0" offset="292" sl="197" sc="3" el="197" ec="3" bec="0" bev="0" fileid="3" />
              </SequencePoints>
              <BranchPoints />
            </Method>
            <Method visited="true" cyclomaticComplexity="2" nPathComplexity="0" sequenceCoverage="100.0" branchCoverage="0" crapScore="2" isConstructor="false" isStatic="false" isGetter="false" isSetter="false">
              <Summary numSequencePoints="7" visitedSequencePoints="7" numBranchPoints="0" visitedBranchPoints="0" sequenceCoverage="100.0" branchCoverage="0" maxCyclomaticComplexity="2" minCyclomaticComplexity="2" maxCrapScore="2" minCrapScore="2" visitedClasses="0" numClasses="0" visitedMethods="1" numMethods="1" />
              <MetadataToken>100663316</MetadataToken>
              <Name>System.Void Tests.TestsVm::Module_Load_Error()</Name>
              <FileRef uid="3" />
              <SequencePoints>
                <SequencePoint vc="1" uspid="167" ordinal="0" offset="0" sl="201" sc="3" el="201" ec="3" bec="0" bev="0" fileid="3" />
                <SequencePoint vc="1" uspid="168" ordinal="0" offset="1" sl="202" sc="4" el="202" ec="4" bec="0" bev="0" fileid="3" />
                <SequencePoint vc="1" uspid="169" ordinal="0" offset="16" sl="204" sc="4" el="204" ec="4" bec="0" bev="0" fileid="3" />
                <SequencePoint vc="1" uspid="170" ordinal="0" offset="22" sl="205" sc="4" el="205" ec="4" bec="0" bev="0" fileid="3" />
                <SequencePoint vc="1" uspid="171" ordinal="0" offset="30" sl="206" sc="4" el="206" ec="4" bec="0" bev="0" fileid="3" />
                <SequencePoint vc="1" uspid="172" ordinal="0" offset="49" sl="211" sc="3" el="211" ec="3" bec="0" bev="0" fileid="3" />
                <SequencePoint vc="1" uspid="173" ordinal="0" offset="77" sl="211" sc="3" el="211" ec="3" bec="0" bev="0" fileid="3" />
              </SequencePoints>
              <BranchPoints />
            </Method>
            <Method visited="true" cyclomaticComplexity="2" nPathComplexity="0" sequenceCoverage="100.0" branchCoverage="0" crapScore="2" isConstructor="false" isStatic="false" isGetter="false" isSetter="false">
              <Summary numSequencePoints="14" visitedSequencePoints="14" numBranchPoints="0" visitedBranchPoints="0" sequenceCoverage="100.0" branchCoverage="0" maxCyclomaticComplexity="2" minCyclomaticComplexity="2" maxCrapScore="2" minCrapScore="2" visitedClasses="0" numClasses="0" visitedMethods="1" numMethods="1" />
              <MetadataToken>100663317</MetadataToken>
              <Name>System.Void Tests.TestsVm::ForeignMethod_Bind_Call()</Name>
              <FileRef uid="3" />
              <SequencePoints>
                <SequencePoint vc="1" uspid="174" ordinal="0" offset="6" sl="219" sc="3" el="219" ec="3" bec="0" bev="0" fileid="3" />
                <SequencePoint vc="1" uspid="175" ordinal="0" offset="7" sl="220" sc="4" el="220" ec="4" bec="0" bev="0" fileid="3" />
                <SequencePoint vc="1" uspid="176" ordinal="0" offset="22" sl="221" sc="4" el="221" ec="4" bec="0" bev="0" fileid="3" />
                <SequencePoint vc="1" uspid="177" ordinal="0" offset="38" sl="222" sc="4" el="222" ec="4" bec="0" bev="0" fileid="3" />
                <SequencePoint vc="1" uspid="178" ordinal="0" offset="54" sl="223" sc="4" el="223" ec="4" bec="0" bev="0" fileid="3" />
                <SequencePoint vc="1" uspid="179" ordinal="0" offset="70" sl="225" sc="4" el="225" ec="4" bec="0" bev="0" fileid="3" />
                <SequencePoint vc="1" uspid="180" ordinal="0" offset="94" sl="226" sc="4" el="226" ec="4" bec="0" bev="0" fileid="3" />
                <SequencePoint vc="1" uspid="181" ordinal="0" offset="113" sl="232" sc="4" el="232" ec="4" bec="0" bev="0" fileid="3" />
                <SequencePoint vc="1" uspid="182" ordinal="0" offset="132" sl="243" sc="4" el="243" ec="4" bec="0" bev="0" fileid="3" />
                <SequencePoint vc="1" uspid="183" ordinal="0" offset="138" sl="244" sc="4" el="244" ec="4" bec="0" bev="0" fileid="3" />
                <SequencePoint vc="1" uspid="184" ordinal="0" offset="146" sl="245" sc="4" el="245" ec="4" bec="0" bev="0" fileid="3" />
                <SequencePoint vc="1" uspid="185" ordinal="0" offset="183" sl="246" sc="4" el="246" ec="4" bec="0" bev="0" fileid="3" />
                <SequencePoint vc="1" uspid="186" ordinal="0" offset="202" sl="251" sc="3" el="251" ec="3" bec="0" bev="0" fileid="3" />
                <SequencePoint vc="1" uspid="187" ordinal="0" offset="230" sl="251" sc="3" el="251" ec="3" bec="0" bev="0" fileid="3" />
              </SequencePoints>
              <BranchPoints />
            </Method>
          </Methods>
        </Class>
        <Class>
          <Summary numSequencePoints="130" visitedSequencePoints="85" numBranchPoints="0" visitedBranchPoints="0" sequenceCoverage="65.38" branchCoverage="0.0" maxCyclomaticComplexity="9" minCyclomaticComplexity="1" maxCrapScore="14.11" minCrapScore="1" visitedClasses="1" numClasses="1" visitedMethods="11" numMethods="12" />
          <FullName>Tests.Helpers.InterpretTest</FullName>
          <Methods>
            <Method visited="true" cyclomaticComplexity="2" nPathComplexity="0" sequenceCoverage="100.0" branchCoverage="0" crapScore="2" isConstructor="false" isStatic="false" isGetter="false" isSetter="false">
              <Summary numSequencePoints="8" visitedSequencePoints="8" numBranchPoints="0" visitedBranchPoints="0" sequenceCoverage="100.0" branchCoverage="0" maxCyclomaticComplexity="2" minCyclomaticComplexity="2" maxCrapScore="2" minCrapScore="2" visitedClasses="0" numClasses="0" visitedMethods="1" numMethods="1" />
              <MetadataToken>100663319</MetadataToken>
              <Name>System.Void Tests.Helpers.InterpretTest::Dispose()</Name>
              <FileRef uid="4" />
              <SequencePoints>
                <SequencePoint vc="12" uspid="188" ordinal="0" offset="0" sl="24" sc="3" el="24" ec="3" bec="0" bev="0" fileid="4" />
                <SequencePoint vc="12" uspid="189" ordinal="0" offset="1" sl="25" sc="4" el="25" ec="4" bec="0" bev="0" fileid="4" />
                <SequencePoint vc="12" uspid="190" ordinal="0" offset="8" sl="27" sc="4" el="27" ec="4" bec="0" bev="0" fileid="4" />
                <SequencePoint vc="12" uspid="191" ordinal="0" offset="15" sl="28" sc="4" el="28" ec="4" bec="0" bev="0" fileid="4" />
                <SequencePoint vc="12" uspid="192" ordinal="0" offset="22" sl="29" sc="4" el="29" ec="4" bec="0" bev="0" fileid="4" />
                <SequencePoint vc="12" uspid="193" ordinal="0" offset="29" sl="30" sc="4" el="30" ec="4" bec="0" bev="0" fileid="4" />
                <SequencePoint vc="12" uspid="194" ordinal="0" offset="41" sl="31" sc="4" el="31" ec="4" bec="0" bev="0" fileid="4" />
                <SequencePoint vc="12" uspid="195" ordinal="0" offset="59" sl="32" sc="3" el="32" ec="3" bec="0" bev="0" fileid="4" />
              </SequencePoints>
              <BranchPoints />
            </Method>
            <Method visited="true" cyclomaticComplexity="9" nPathComplexity="0" sequenceCoverage="75.00" branchCoverage="0" crapScore="10.27" isConstructor="false" isStatic="false" isGetter="false" isSetter="false">
              <Summary numSequencePoints="24" visitedSequencePoints="18" numBranchPoints="0" visitedBranchPoints="0" sequenceCoverage="75.00" branchCoverage="0" maxCyclomaticComplexity="9" minCyclomaticComplexity="9" maxCrapScore="10.27" minCrapScore="10.27" visitedClasses="0" numClasses="0" visitedMethods="1" numMethods="1" />
              <MetadataToken>100663320</MetadataToken>
              <Name>System.Void Tests.Helpers.InterpretTest::CheckFails()</Name>
              <FileRef uid="4" />
              <SequencePoints>
                <SequencePoint vc="12" uspid="196" ordinal="0" offset="0" sl="35" sc="3" el="35" ec="3" bec="0" bev="0" fileid="4" />
                <SequencePoint vc="12" uspid="197" ordinal="0" offset="1" sl="36" sc="4" el="36" ec="4" bec="0" bev="0" fileid="4" />
                <SequencePoint vc="1" uspid="198" ordinal="0" offset="25" sl="36" sc="61" el="36" ec="61" bec="0" bev="0" fileid="4" />
                <SequencePoint vc="11" uspid="199" ordinal="0" offset="30" sl="38" sc="4" el="38" ec="4" bec="0" bev="0" fileid="4" />
                <SequencePoint vc="3" uspid="200" ordinal="0" offset="55" sl="39" sc="4" el="39" ec="4" bec="0" bev="0" fileid="4" />
                <SequencePoint vc="3" uspid="201" ordinal="0" offset="56" sl="40" sc="5" el="40" ec="5" bec="0" bev="0" fileid="4" />
                <SequencePoint vc="0" uspid="202" ordinal="0" offset="87" sl="41" sc="5" el="41" ec="5" bec="0" bev="0" fileid="4" />
                <SequencePoint vc="0" uspid="203" ordinal="0" offset="88" sl="42" sc="6" el="42" ec="6" bec="0" bev="0" fileid="4" />
                <SequencePoint vc="0" uspid="204" ordinal="0" offset="136" sl="44" sc="6" el="44" ec="6" bec="0" bev="0" fileid="4" />
                <SequencePoint vc="3" uspid="205" ordinal="0" offset="138" sl="46" sc="4" el="46" ec="4" bec="0" bev="0" fileid="4" />
                <SequencePoint vc="11" uspid="206" ordinal="0" offset="139" sl="48" sc="4" el="48" ec="4" bec="0" bev="0" fileid="4" />
                <SequencePoint vc="3" uspid="207" ordinal="0" offset="152" sl="49" sc="4" el="49" ec="4" bec="0" bev="0" fileid="4" />
                <SequencePoint vc="3" uspid="208" ordinal="0" offset="153" sl="50" sc="10" el="50" ec="10" bec="0" bev="0" fileid="4" />
                <SequencePoint vc="6" uspid="209" ordinal="0" offset="158" sl="51" sc="5" el="51" ec="5" bec="0" bev="0" fileid="4" />
                <SequencePoint vc="6" uspid="210" ordinal="0" offset="159" sl="52" sc="6" el="52" ec="6" bec="0" bev="0" fileid="4" />
                <SequencePoint vc="6" uspid="211" ordinal="0" offset="174" sl="53" sc="6" el="53" ec="6" bec="0" bev="0" fileid="4" />
                <SequencePoint vc="0" uspid="212" ordinal="0" offset="190" sl="54" sc="6" el="54" ec="6" bec="0" bev="0" fileid="4" />
                <SequencePoint vc="0" uspid="213" ordinal="0" offset="191" sl="55" sc="7" el="55" ec="7" bec="0" bev="0" fileid="4" />
                <SequencePoint vc="0" uspid="214" ordinal="0" offset="199" sl="56" sc="7" el="56" ec="7" bec="0" bev="0" fileid="4" />
                <SequencePoint vc="6" uspid="215" ordinal="0" offset="201" sl="58" sc="5" el="58" ec="5" bec="0" bev="0" fileid="4" />
                <SequencePoint vc="6" uspid="216" ordinal="0" offset="202" sl="50" sc="41" el="50" ec="41" bec="0" bev="0" fileid="4" />
                <SequencePoint vc="9" uspid="217" ordinal="0" offset="208" sl="50" sc="21" el="50" ec="21" bec="0" bev="0" fileid="4" />
                <SequencePoint vc="3" uspid="218" ordinal="0" offset="229" sl="59" sc="4" el="59" ec="4" bec="0" bev="0" fileid="4" />
                <SequencePoint vc="12" uspid="219" ordinal="0" offset="230" sl="60" sc="3" el="60" ec="3" bec="0" bev="0" fileid="4" />
              </SequencePoints>
              <BranchPoints />
            </Method>
            <Method visited="true" cyclomaticComplexity="4" nPathComplexity="0" sequenceCoverage="100.0" branchCoverage="0" crapScore="4" isConstructor="false" isStatic="false" isGetter="false" isSetter="false">
              <Summary numSequencePoints="14" visitedSequencePoints="14" numBranchPoints="0" visitedBranchPoints="0" sequenceCoverage="100.0" branchCoverage="0" maxCyclomaticComplexity="4" minCyclomaticComplexity="4" maxCrapScore="4" minCrapScore="4" visitedClasses="0" numClasses="0" visitedMethods="1" numMethods="1" />
              <MetadataToken>100663321</MetadataToken>
              <Name>System.Void Tests.Helpers.InterpretTest::Setup(Tomia.Vm&amp;)</Name>
              <FileRef uid="4" />
              <SequencePoints>
                <SequencePoint vc="12" uspid="220" ordinal="0" offset="0" sl="63" sc="3" el="63" ec="3" bec="0" bev="0" fileid="4" />
                <SequencePoint vc="12" uspid="221" ordinal="0" offset="1" sl="64" sc="4" el="64" ec="4" bec="0" bev="0" fileid="4" />
                <SequencePoint vc="12" uspid="222" ordinal="0" offset="12" sl="65" sc="4" el="65" ec="4" bec="0" bev="0" fileid="4" />
                <SequencePoint vc="12" uspid="223" ordinal="0" offset="23" sl="67" sc="4" el="67" ec="4" bec="0" bev="0" fileid="4" />
                <SequencePoint vc="12" uspid="224" ordinal="0" offset="47" sl="68" sc="4" el="68" ec="4" bec="0" bev="0" fileid="4" />
                <SequencePoint vc="3" uspid="225" ordinal="0" offset="60" sl="68" sc="35" el="68" ec="35" bec="0" bev="0" fileid="4" />
                <SequencePoint vc="12" uspid="226" ordinal="0" offset="84" sl="69" sc="4" el="69" ec="4" bec="0" bev="0" fileid="4" />
                <SequencePoint vc="3" uspid="227" ordinal="0" offset="97" sl="70" sc="4" el="70" ec="4" bec="0" bev="0" fileid="4" />
                <SequencePoint vc="3" uspid="228" ordinal="0" offset="98" sl="71" sc="10" el="71" ec="10" bec="0" bev="0" fileid="4" />
                <SequencePoint vc="6" uspid="229" ordinal="0" offset="102" sl="71" sc="46" el="71" ec="46" bec="0" bev="0" fileid="4" />
                <SequencePoint vc="6" uspid="230" ordinal="0" offset="120" sl="71" sc="41" el="71" ec="41" bec="0" bev="0" fileid="4" />
                <SequencePoint vc="9" uspid="231" ordinal="0" offset="124" sl="71" sc="21" el="71" ec="21" bec="0" bev="0" fileid="4" />
                <SequencePoint vc="3" uspid="232" ordinal="0" offset="142" sl="72" sc="4" el="72" ec="4" bec="0" bev="0" fileid="4" />
                <SequencePoint vc="12" uspid="233" ordinal="0" offset="143" sl="73" sc="3" el="73" ec="3" bec="0" bev="0" fileid="4" />
              </SequencePoints>
              <BranchPoints />
            </Method>
            <Method visited="true" cyclomaticComplexity="5" nPathComplexity="0" sequenceCoverage="28.57" branchCoverage="0" crapScore="14.11" isConstructor="false" isStatic="false" isGetter="false" isSetter="false">
              <Summary numSequencePoints="14" visitedSequencePoints="4" numBranchPoints="0" visitedBranchPoints="0" sequenceCoverage="28.57" branchCoverage="0" maxCyclomaticComplexity="5" minCyclomaticComplexity="5" maxCrapScore="14.11" minCrapScore="14.11" visitedClasses="0" numClasses="0" visitedMethods="1" numMethods="1" />
              <MetadataToken>100663322</MetadataToken>
              <Name>System.Void Tests.Helpers.InterpretTest::Teardown(Tomia.Vm&amp;, System.Exception)</Name>
              <FileRef uid="4" />
              <SequencePoints>
                <SequencePoint vc="12" uspid="234" ordinal="0" offset="0" sl="76" sc="3" el="76" ec="3" bec="0" bev="0" fileid="4" />
                <SequencePoint vc="12" uspid="235" ordinal="0" offset="1" sl="77" sc="4" el="77" ec="4" bec="0" bev="0" fileid="4" />
                <SequencePoint vc="0" uspid="236" ordinal="0" offset="9" sl="78" sc="4" el="78" ec="4" bec="0" bev="0" fileid="4" />
                <SequencePoint vc="0" uspid="237" ordinal="0" offset="10" sl="79" sc="5" el="79" ec="5" bec="0" bev="0" fileid="4" />
                <SequencePoint vc="0" uspid="238" ordinal="0" offset="31" sl="79" sc="40" el="79" ec="40" bec="0" bev="0" fileid="4" />
                <SequencePoint vc="0" uspid="239" ordinal="0" offset="36" sl="80" sc="5" el="80" ec="5" bec="0" bev="0" fileid="4" />
                <SequencePoint vc="0" uspid="240" ordinal="0" offset="43" sl="81" sc="5" el="81" ec="5" bec="0" bev="0" fileid="4" />
                <SequencePoint vc="0" uspid="241" ordinal="0" offset="72" sl="82" sc="5" el="82" ec="5" bec="0" bev="0" fileid="4" />
                <SequencePoint vc="12" uspid="242" ordinal="0" offset="77" sl="85" sc="4" el="85" ec="4" bec="0" bev="0" fileid="4" />
                <SequencePoint vc="0" uspid="243" ordinal="0" offset="119" sl="86" sc="4" el="86" ec="4" bec="0" bev="0" fileid="4" />
                <SequencePoint vc="0" uspid="244" ordinal="0" offset="120" sl="87" sc="5" el="87" ec="5" bec="0" bev="0" fileid="4" />
                <SequencePoint vc="0" uspid="245" ordinal="0" offset="127" sl="88" sc="5" el="88" ec="5" bec="0" bev="0" fileid="4" />
                <SequencePoint vc="0" uspid="246" ordinal="0" offset="208" sl="90" sc="5" el="90" ec="5" bec="0" bev="0" fileid="4" />
                <SequencePoint vc="12" uspid="247" ordinal="0" offset="210" sl="92" sc="3" el="92" ec="3" bec="0" bev="0" fileid="4" />
              </SequencePoints>
              <BranchPoints />
            </Method>
            <Method visited="true" cyclomaticComplexity="1" nPathComplexity="0" sequenceCoverage="50.00" branchCoverage="0" crapScore="1.12" isConstructor="false" isStatic="false" isGetter="false" isSetter="false">
              <Summary numSequencePoints="16" visitedSequencePoints="8" numBranchPoints="0" visitedBranchPoints="0" sequenceCoverage="50.00" branchCoverage="0" maxCyclomaticComplexity="1" minCyclomaticComplexity="1" maxCrapScore="1.12" minCrapScore="1.12" visitedClasses="0" numClasses="0" visitedMethods="1" numMethods="1" />
              <MetadataToken>100663323</MetadataToken>
              <Name>System.Void Tests.Helpers.InterpretTest::Interpret(Tomia.Vm&amp;, System.String, System.String)</Name>
              <FileRef uid="4" />
              <SequencePoints>
                <SequencePoint vc="10" uspid="248" ordinal="0" offset="0" sl="95" sc="3" el="95" ec="3" bec="0" bev="0" fileid="4" />
                <SequencePoint vc="10" uspid="249" ordinal="0" offset="1" sl="96" sc="4" el="96" ec="4" bec="0" bev="0" fileid="4" />
                <SequencePoint vc="10" uspid="250" ordinal="0" offset="9" sl="98" sc="4" el="98" ec="4" bec="0" bev="0" fileid="4" />
                <SequencePoint vc="10" uspid="251" ordinal="0" offset="11" sl="100" sc="4" el="100" ec="4" bec="0" bev="0" fileid="4" />
                <SequencePoint vc="10" uspid="252" ordinal="0" offset="12" sl="101" sc="5" el="101" ec="5" bec="0" bev="0" fileid="4" />
                <SequencePoint vc="10" uspid="253" ordinal="0" offset="31" sl="102" sc="4" el="102" ec="4" bec="0" bev="0" fileid="4" />
                <SequencePoint vc="0" uspid="254" ordinal="0" offset="34" sl="103" sc="4" el="103" ec="4" bec="0" bev="0" fileid="4" />
                <SequencePoint vc="0" uspid="255" ordinal="0" offset="35" sl="104" sc="4" el="104" ec="4" bec="0" bev="0" fileid="4" />
                <SequencePoint vc="0" uspid="256" ordinal="0" offset="36" sl="105" sc="5" el="105" ec="5" bec="0" bev="0" fileid="4" />
                <SequencePoint vc="0" uspid="257" ordinal="0" offset="43" sl="106" sc="5" el="106" ec="5" bec="0" bev="0" fileid="4" />
                <SequencePoint vc="0" uspid="258" ordinal="0" offset="45" sl="108" sc="4" el="108" ec="4" bec="0" bev="0" fileid="4" />
                <SequencePoint vc="0" uspid="259" ordinal="0" offset="46" sl="109" sc="4" el="109" ec="4" bec="0" bev="0" fileid="4" />
                <SequencePoint vc="0" uspid="260" ordinal="0" offset="47" sl="110" sc="5" el="110" ec="5" bec="0" bev="0" fileid="4" />
                <SequencePoint vc="0" uspid="261" ordinal="0" offset="49" sl="111" sc="4" el="111" ec="4" bec="0" bev="0" fileid="4" />
                <SequencePoint vc="10" uspid="262" ordinal="0" offset="52" sl="113" sc="4" el="113" ec="4" bec="0" bev="0" fileid="4" />
                <SequencePoint vc="10" uspid="263" ordinal="0" offset="61" sl="114" sc="3" el="114" ec="3" bec="0" bev="0" fileid="4" />
              </SequencePoints>
              <BranchPoints />
            </Method>
            <Method visited="true" cyclomaticComplexity="1" nPathComplexity="0" sequenceCoverage="50.00" branchCoverage="0" crapScore="1.12" isConstructor="false" isStatic="false" isGetter="false" isSetter="false">
              <Summary numSequencePoints="16" visitedSequencePoints="8" numBranchPoints="0" visitedBranchPoints="0" sequenceCoverage="50.00" branchCoverage="0" maxCyclomaticComplexity="1" minCyclomaticComplexity="1" maxCrapScore="1.12" minCrapScore="1.12" visitedClasses="0" numClasses="0" visitedMethods="1" numMethods="1" />
              <MetadataToken>100663324</MetadataToken>
              <Name>System.Void Tests.Helpers.InterpretTest::Call(Tomia.Vm&amp;, Tomia.Handle&amp;)</Name>
              <FileRef uid="4" />
              <SequencePoints>
                <SequencePoint vc="2" uspid="264" ordinal="0" offset="0" sl="117" sc="3" el="117" ec="3" bec="0" bev="0" fileid="4" />
                <SequencePoint vc="2" uspid="265" ordinal="0" offset="1" sl="118" sc="4" el="118" ec="4" bec="0" bev="0" fileid="4" />
                <SequencePoint vc="2" uspid="266" ordinal="0" offset="9" sl="120" sc="4" el="120" ec="4" bec="0" bev="0" fileid="4" />
                <SequencePoint vc="2" uspid="267" ordinal="0" offset="11" sl="122" sc="4" el="122" ec="4" bec="0" bev="0" fileid="4" />
                <SequencePoint vc="2" uspid="268" ordinal="0" offset="12" sl="123" sc="5" el="123" ec="5" bec="0" bev="0" fileid="4" />
                <SequencePoint vc="2" uspid="269" ordinal="0" offset="35" sl="124" sc="4" el="124" ec="4" bec="0" bev="0" fileid="4" />
                <SequencePoint vc="0" uspid="270" ordinal="0" offset="38" sl="125" sc="4" el="125" ec="4" bec="0" bev="0" fileid="4" />
                <SequencePoint vc="0" uspid="271" ordinal="0" offset="39" sl="126" sc="4" el="126" ec="4" bec="0" bev="0" fileid="4" />
                <SequencePoint vc="0" uspid="272" ordinal="0" offset="40" sl="127" sc="5" el="127" ec="5" bec="0" bev="0" fileid="4" />
                <SequencePoint vc="0" uspid="273" ordinal="0" offset="47" sl="128" sc="5" el="128" ec="5" bec="0" bev="0" fileid="4" />
                <SequencePoint vc="0" uspid="274" ordinal="0" offset="49" sl="130" sc="4" el="130" ec="4" bec="0" bev="0" fileid="4" />
                <SequencePoint vc="0" uspid="275" ordinal="0" offset="50" sl="131" sc="4" el="131" ec="4" bec="0" bev="0" fileid="4" />
                <SequencePoint vc="0" uspid="276" ordinal="0" offset="51" sl="132" sc="5" el="132" ec="5" bec="0" bev="0" fileid="4" />
                <SequencePoint vc="0" uspid="277" ordinal="0" offset="53" sl="133" sc="4" el="133" ec="4" bec="0" bev="0" fileid="4" />
                <SequencePoint vc="2" uspid="278" ordinal="0" offset="56" sl="135" sc="4" el="135" ec="4" bec="0" bev="0" fileid="4" />
                <SequencePoint vc="2" uspid="279" ordinal="0" offset="65" sl="136" sc="3" el="136" ec="3" bec="0" bev="0" fileid="4" />
              </SequencePoints>
              <BranchPoints />
            </Method>
            <Method visited="true" cyclomaticComplexity="8" nPathComplexity="0" sequenceCoverage="70.00" branchCoverage="0" crapScore="9.73" isConstructor="false" isStatic="false" isGetter="false" isSetter="false">
              <Summary numSequencePoints="10" visitedSequencePoints="7" numBranchPoints="0" visitedBranchPoints="0" sequenceCoverage="70.00" branchCoverage="0" maxCyclomaticComplexity="8" minCyclomaticComplexity="8" maxCrapScore="9.73" minCrapScore="9.73" visitedClasses="0" numClasses="0" visitedMethods="1" numMethods="1" />
              <MetadataToken>100663325</MetadataToken>
              <Name>System.Void Tests.Helpers.InterpretTest::HandleErrors(Tomia.Vm, Tomia.ErrorType, System.String, System.Int32, System.String)</Name>
              <FileRef uid="4" />
              <SequencePoints>
                <SequencePoint vc="12" uspid="280" ordinal="0" offset="0" sl="139" sc="3" el="139" ec="3" bec="0" bev="0" fileid="4" />
                <SequencePoint vc="12" uspid="281" ordinal="0" offset="1" sl="140" sc="4" el="140" ec="4" bec="0" bev="0" fileid="4" />
                <SequencePoint vc="0" uspid="282" ordinal="0" offset="4" sl="140" sc="19" el="140" ec="19" bec="0" bev="0" fileid="4" />
                <SequencePoint vc="1" uspid="283" ordinal="0" offset="25" sl="142" sc="31" el="142" ec="31" bec="0" bev="0" fileid="4" />
                <SequencePoint vc="3" uspid="284" ordinal="0" offset="48" sl="143" sc="31" el="143" ec="31" bec="0" bev="0" fileid="4" />
                <SequencePoint vc="8" uspid="285" ordinal="0" offset="63" sl="144" sc="29" el="144" ec="29" bec="0" bev="0" fileid="4" />
                <SequencePoint vc="0" uspid="286" ordinal="0" offset="95" sl="145" sc="10" el="145" ec="10" bec="0" bev="0" fileid="4" />
                <SequencePoint vc="0" uspid="287" ordinal="0" offset="116" sl="140" sc="4" el="140" ec="4" bec="0" bev="0" fileid="4" />
                <SequencePoint vc="12" uspid="288" ordinal="0" offset="119" sl="147" sc="4" el="147" ec="4" bec="0" bev="0" fileid="4" />
                <SequencePoint vc="12" uspid="289" ordinal="0" offset="132" sl="148" sc="3" el="148" ec="3" bec="0" bev="0" fileid="4" />
              </SequencePoints>
              <BranchPoints />
            </Method>
            <Method visited="true" cyclomaticComplexity="4" nPathComplexity="0" sequenceCoverage="43.75" branchCoverage="0" crapScore="6.85" isConstructor="false" isStatic="false" isGetter="false" isSetter="false">
              <Summary numSequencePoints="16" visitedSequencePoints="7" numBranchPoints="0" visitedBranchPoints="0" sequenceCoverage="43.75" branchCoverage="0" maxCyclomaticComplexity="4" minCyclomaticComplexity="4" maxCrapScore="6.85" minCrapScore="6.85" visitedClasses="0" numClasses="0" visitedMethods="1" numMethods="1" />
              <MetadataToken>100663326</MetadataToken>
              <Name>System.Void Tests.Helpers.InterpretTest::HandleWrites(Tomia.Vm, System.String)</Name>
              <FileRef uid="4" />
              <SequencePoints>
                <SequencePoint vc="4" uspid="290" ordinal="0" offset="0" sl="151" sc="3" el="151" ec="3" bec="0" bev="0" fileid="4" />
                <SequencePoint vc="4" uspid="291" ordinal="0" offset="1" sl="152" sc="4" el="152" ec="4" bec="0" bev="0" fileid="4" />
                <SequencePoint vc="0" uspid="292" ordinal="0" offset="11" sl="152" sc="18" el="152" ec="18" bec="0" bev="0" fileid="4" />
                <SequencePoint vc="4" uspid="293" ordinal="0" offset="16" sl="154" sc="4" el="154" ec="4" bec="0" bev="0" fileid="4" />
                <SequencePoint vc="0" uspid="294" ordinal="0" offset="47" sl="155" sc="4" el="155" ec="4" bec="0" bev="0" fileid="4" />
                <SequencePoint vc="0" uspid="295" ordinal="0" offset="48" sl="156" sc="5" el="156" ec="5" bec="0" bev="0" fileid="4" />
                <SequencePoint vc="0" uspid="296" ordinal="0" offset="55" sl="157" sc="5" el="157" ec="5" bec="0" bev="0" fileid="4" />
                <SequencePoint vc="0" uspid="297" ordinal="0" offset="66" sl="158" sc="5" el="158" ec="5" bec="0" bev="0" fileid="4" />
                <SequencePoint vc="4" uspid="298" ordinal="0" offset="68" sl="161" sc="4" el="161" ec="4" bec="0" bev="0" fileid="4" />
                <SequencePoint vc="4" uspid="299" ordinal="0" offset="91" sl="162" sc="4" el="162" ec="4" bec="0" bev="0" fileid="4" />
                <SequencePoint vc="4" uspid="300" ordinal="0" offset="104" sl="164" sc="4" el="164" ec="4" bec="0" bev="0" fileid="4" />
                <SequencePoint vc="0" uspid="301" ordinal="0" offset="115" sl="165" sc="4" el="165" ec="4" bec="0" bev="0" fileid="4" />
                <SequencePoint vc="0" uspid="302" ordinal="0" offset="116" sl="166" sc="5" el="166" ec="5" bec="0" bev="0" fileid="4" />
                <SequencePoint vc="0" uspid="303" ordinal="0" offset="172" sl="167" sc="5" el="167" ec="5" bec="0" bev="0" fileid="4" />
                <SequencePoint vc="0" uspid="304" ordinal="0" offset="179" sl="168" sc="4" el="168" ec="4" bec="0" bev="0" fileid="4" />
                <SequencePoint vc="4" uspid="305" ordinal="0" offset="180" sl="169" sc="3" el="169" ec="3" bec="0" bev="0" fileid="4" />
              </SequencePoints>
              <BranchPoints />
            </Method>
            <Method visited="false" cyclomaticComplexity="1" nPathComplexity="0" sequenceCoverage="0.0" branchCoverage="0" crapScore="2" isConstructor="false" isStatic="false" isGetter="false" isSetter="false">
              <Summary numSequencePoints="1" visitedSequencePoints="0" numBranchPoints="0" visitedBranchPoints="0" sequenceCoverage="0.0" branchCoverage="0" maxCyclomaticComplexity="1" minCyclomaticComplexity="1" maxCrapScore="2" minCrapScore="2" visitedClasses="0" numClasses="0" visitedMethods="0" numMethods="1" />
              <MetadataToken>100663327</MetadataToken>
              <Name>System.Void Tests.Helpers.InterpretTest::ExpectException[TE]()</Name>
              <FileRef uid="4" />
              <SequencePoints>
                <SequencePoint vc="0" uspid="306" ordinal="0" offset="0" sl="171" sc="0" el="171" ec="0" bec="0" bev="0" fileid="4" />
              </SequencePoints>
              <BranchPoints />
            </Method>
            <Method visited="true" cyclomaticComplexity="1" nPathComplexity="0" sequenceCoverage="100.0" branchCoverage="0" crapScore="1" isConstructor="false" isStatic="false" isGetter="false" isSetter="false">
              <Summary numSequencePoints="1" visitedSequencePoints="1" numBranchPoints="0" visitedBranchPoints="0" sequenceCoverage="100.0" branchCoverage="0" maxCyclomaticComplexity="1" minCyclomaticComplexity="1" maxCrapScore="1" minCrapScore="1" visitedClasses="0" numClasses="0" visitedMethods="1" numMethods="1" />
              <MetadataToken>100663328</MetadataToken>
              <Name>System.Void Tests.Helpers.InterpretTest::ExpectResult(Tomia.InterpretResult)</Name>
              <FileRef uid="4" />
              <SequencePoints>
                <SequencePoint vc="12" uspid="307" ordinal="0" offset="0" sl="173" sc="55" el="173" ec="55" bec="0" bev="0" fileid="4" />
              </SequencePoints>
              <BranchPoints />
            </Method>
            <Method visited="true" cyclomaticComplexity="1" nPathComplexity="0" sequenceCoverage="100.0" branchCoverage="0" crapScore="1" isConstructor="false" isStatic="false" isGetter="false" isSetter="false">
              <Summary numSequencePoints="5" visitedSequencePoints="5" numBranchPoints="0" visitedBranchPoints="0" sequenceCoverage="100.0" branchCoverage="0" maxCyclomaticComplexity="1" minCyclomaticComplexity="1" maxCrapScore="1" minCrapScore="1" visitedClasses="0" numClasses="0" visitedMethods="1" numMethods="1" />
              <MetadataToken>100663329</MetadataToken>
              <Name>System.Void Tests.Helpers.InterpretTest::ExpectMessage(System.String, System.String[])</Name>
              <FileRef uid="4" />
              <SequencePoints>
                <SequencePoint vc="3" uspid="308" ordinal="0" offset="0" sl="176" sc="3" el="176" ec="3" bec="0" bev="0" fileid="4" />
                <SequencePoint vc="3" uspid="309" ordinal="0" offset="1" sl="177" sc="4" el="177" ec="4" bec="0" bev="0" fileid="4" />
                <SequencePoint vc="3" uspid="310" ordinal="0" offset="12" sl="178" sc="4" el="178" ec="4" bec="0" bev="0" fileid="4" />
                <SequencePoint vc="3" uspid="311" ordinal="0" offset="25" sl="179" sc="4" el="179" ec="4" bec="0" bev="0" fileid="4" />
                <SequencePoint vc="3" uspid="312" ordinal="0" offset="38" sl="180" sc="3" el="180" ec="3" bec="0" bev="0" fileid="4" />
              </SequencePoints>
              <BranchPoints />
            </Method>
            <Method visited="true" cyclomaticComplexity="1" nPathComplexity="0" sequenceCoverage="100.0" branchCoverage="0" crapScore="1" isConstructor="false" isStatic="false" isGetter="false" isSetter="false">
              <Summary numSequencePoints="5" visitedSequencePoints="5" numBranchPoints="0" visitedBranchPoints="0" sequenceCoverage="100.0" branchCoverage="0" maxCyclomaticComplexity="1" minCyclomaticComplexity="1" maxCrapScore="1" minCrapScore="1" visitedClasses="0" numClasses="0" visitedMethods="1" numMethods="1" />
              <MetadataToken>100663330</MetadataToken>
              <Name>System.Void Tests.Helpers.InterpretTest::ExpectMarkers(Tests.Helpers.Marker, Tests.Helpers.Marker[])</Name>
              <FileRef uid="4" />
              <SequencePoints>
                <SequencePoint vc="3" uspid="313" ordinal="0" offset="0" sl="183" sc="3" el="183" ec="3" bec="0" bev="0" fileid="4" />
                <SequencePoint vc="3" uspid="314" ordinal="0" offset="1" sl="184" sc="4" el="184" ec="4" bec="0" bev="0" fileid="4" />
                <SequencePoint vc="3" uspid="315" ordinal="0" offset="12" sl="185" sc="4" el="185" ec="4" bec="0" bev="0" fileid="4" />
                <SequencePoint vc="3" uspid="316" ordinal="0" offset="25" sl="186" sc="4" el="186" ec="4" bec="0" bev="0" fileid="4" />
                <SequencePoint vc="3" uspid="317" ordinal="0" offset="38" sl="187" sc="3" el="187" ec="3" bec="0" bev="0" fileid="4" />
              </SequencePoints>
              <BranchPoints />
            </Method>
          </Methods>
        </Class>
        <Class>
          <Summary numSequencePoints="13" visitedSequencePoints="9" numBranchPoints="0" visitedBranchPoints="0" sequenceCoverage="69.23" branchCoverage="0.0" maxCyclomaticComplexity="2" minCyclomaticComplexity="1" maxCrapScore="6" minCrapScore="1" visitedClasses="1" numClasses="1" visitedMethods="4" numMethods="5" />
          <FullName>Tests.Helpers.Marker</FullName>
          <Methods>
            <Method visited="true" cyclomaticComplexity="1" nPathComplexity="0" sequenceCoverage="100.0" branchCoverage="0" crapScore="1" isConstructor="false" isStatic="false" isGetter="true" isSetter="false">
              <Summary numSequencePoints="1" visitedSequencePoints="1" numBranchPoints="0" visitedBranchPoints="0" sequenceCoverage="100.0" branchCoverage="0" maxCyclomaticComplexity="1" minCyclomaticComplexity="1" maxCrapScore="1" minCrapScore="1" visitedClasses="0" numClasses="0" visitedMethods="1" numMethods="1" />
              <MetadataToken>100663333</MetadataToken>
              <Name>System.Boolean Tests.Helpers.Marker::get_IsReached()</Name>
              <FileRef uid="5" />
              <SequencePoints>
                <SequencePoint vc="6" uspid="318" ordinal="0" offset="0" sl="15" sc="28" el="15" ec="28" bec="0" bev="0" fileid="5" />
              </SequencePoints>
              <BranchPoints />
            </Method>
            <Method visited="true" cyclomaticComplexity="1" nPathComplexity="0" sequenceCoverage="100.0" branchCoverage="0" crapScore="1" isConstructor="false" isStatic="false" isGetter="false" isSetter="false">
              <Summary numSequencePoints="1" visitedSequencePoints="1" numBranchPoints="0" visitedBranchPoints="0" sequenceCoverage="100.0" branchCoverage="0" maxCyclomaticComplexity="1" minCyclomaticComplexity="1" maxCrapScore="1" minCrapScore="1" visitedClasses="0" numClasses="0" visitedMethods="1" numMethods="1" />
              <MetadataToken>100663334</MetadataToken>
              <Name>System.Void Tests.Helpers.Marker::Trigger()</Name>
              <FileRef uid="5" />
              <SequencePoints>
                <SequencePoint vc="8" uspid="319" ordinal="0" offset="0" sl="17" sc="28" el="17" ec="28" bec="0" bev="0" fileid="5" />
              </SequencePoints>
              <BranchPoints />
            </Method>
            <Method visited="false" cyclomaticComplexity="2" nPathComplexity="0" sequenceCoverage="0.0" branchCoverage="0" crapScore="6" isConstructor="false" isStatic="false" isGetter="false" isSetter="false">
              <Summary numSequencePoints="4" visitedSequencePoints="0" numBranchPoints="0" visitedBranchPoints="0" sequenceCoverage="0.0" branchCoverage="0" maxCyclomaticComplexity="2" minCyclomaticComplexity="2" maxCrapScore="6" minCrapScore="6" visitedClasses="0" numClasses="0" visitedMethods="0" numMethods="1" />
              <MetadataToken>100663335</MetadataToken>
              <Name>System.Void Tests.Helpers.Marker::Verify()</Name>
              <FileRef uid="5" />
              <SequencePoints>
                <SequencePoint vc="0" uspid="320" ordinal="0" offset="0" sl="20" sc="0" el="20" ec="0" bec="0" bev="0" fileid="5" />
                <SequencePoint vc="0" uspid="321" ordinal="0" offset="1" sl="21" sc="0" el="21" ec="0" bec="0" bev="0" fileid="5" />
                <SequencePoint vc="0" uspid="322" ordinal="0" offset="14" sl="21" sc="0" el="21" ec="0" bec="0" bev="0" fileid="5" />
                <SequencePoint vc="0" uspid="323" ordinal="0" offset="41" sl="22" sc="0" el="22" ec="0" bec="0" bev="0" fileid="5" />
              </SequencePoints>
              <BranchPoints />
            </Method>
[...]
                <SequencePoint vc="0" uspid="2086" ordinal="0" offset="30" sl="251" sc="0" el="251" ec="0" bec="0" bev="0" fileid="41" />
              </SequencePoints>
              <BranchPoints />
            </Method>
            <Method visited="true" cyclomaticComplexity="2" nPathComplexity="0" sequenceCoverage="80.00" branchCoverage="0" crapScore="2.03" isConstructor="false" isStatic="true" isGetter="false" isSetter="false">
              <Summary numSequencePoints="5" visitedSequencePoints="4" numBranchPoints="0" visitedBranchPoints="0" sequenceCoverage="80.00" branchCoverage="0" maxCyclomaticComplexity="2" minCyclomaticComplexity="2" maxCrapScore="2.03" minCrapScore="2.03" visitedClasses="0" numClasses="0" visitedMethods="1" numMethods="1" />
              <MetadataToken>100663456</MetadataToken>
              <Name>static System.Void Tomia.VmUtils::EnsureSlots(Tomia.Vm, System.Int32)</Name>
              <FileRef uid="41" />
              <SequencePoints>
                <SequencePoint vc="11" uspid="2087" ordinal="0" offset="0" sl="254" sc="3" el="254" ec="3" bec="0" bev="0" fileid="41" />
                <SequencePoint vc="11" uspid="2088" ordinal="0" offset="1" sl="255" sc="4" el="255" ec="4" bec="0" bev="0" fileid="41" />
                <SequencePoint vc="0" uspid="2089" ordinal="0" offset="11" sl="255" sc="27" el="255" ec="27" bec="0" bev="0" fileid="41" />
                <SequencePoint vc="11" uspid="2090" ordinal="0" offset="13" sl="256" sc="4" el="256" ec="4" bec="0" bev="0" fileid="41" />
                <SequencePoint vc="11" uspid="2091" ordinal="0" offset="27" sl="257" sc="3" el="257" ec="3" bec="0" bev="0" fileid="41" />
              </SequencePoints>
              <BranchPoints />
            </Method>
            <Method visited="true" cyclomaticComplexity="2" nPathComplexity="0" sequenceCoverage="80.00" branchCoverage="0" crapScore="2.03" isConstructor="false" isStatic="true" isGetter="false" isSetter="false">
              <Summary numSequencePoints="5" visitedSequencePoints="4" numBranchPoints="0" visitedBranchPoints="0" sequenceCoverage="80.00" branchCoverage="0" maxCyclomaticComplexity="2" minCyclomaticComplexity="2" maxCrapScore="2.03" minCrapScore="2.03" visitedClasses="0" numClasses="0" visitedMethods="1" numMethods="1" />
              <MetadataToken>100663457</MetadataToken>
              <Name>static System.Void Tomia.VmUtils::SetWriteListener(Tomia.Vm, Tomia.WriteDelegate)</Name>
              <FileRef uid="41" />
              <SequencePoints>
                <SequencePoint vc="7" uspid="2092" ordinal="0" offset="0" sl="264" sc="3" el="264" ec="3" bec="0" bev="0" fileid="41" />
                <SequencePoint vc="7" uspid="2093" ordinal="0" offset="1" sl="265" sc="4" el="265" ec="4" bec="0" bev="0" fileid="41" />
                <SequencePoint vc="0" uspid="2094" ordinal="0" offset="11" sl="265" sc="27" el="265" ec="27" bec="0" bev="0" fileid="41" />
                <SequencePoint vc="7" uspid="2095" ordinal="0" offset="13" sl="266" sc="4" el="266" ec="4" bec="0" bev="0" fileid="41" />
                <SequencePoint vc="7" uspid="2096" ordinal="0" offset="36" sl="267" sc="3" el="267" ec="3" bec="0" bev="0" fileid="41" />
              </SequencePoints>
              <BranchPoints />
            </Method>
            <Method visited="true" cyclomaticComplexity="2" nPathComplexity="0" sequenceCoverage="80.00" branchCoverage="0" crapScore="2.03" isConstructor="false" isStatic="true" isGetter="false" isSetter="false">
              <Summary numSequencePoints="5" visitedSequencePoints="4" numBranchPoints="0" visitedBranchPoints="0" sequenceCoverage="80.00" branchCoverage="0" maxCyclomaticComplexity="2" minCyclomaticComplexity="2" maxCrapScore="2.03" minCrapScore="2.03" visitedClasses="0" numClasses="0" visitedMethods="1" numMethods="1" />
              <MetadataToken>100663458</MetadataToken>
              <Name>static System.Void Tomia.VmUtils::SetErrorListener(Tomia.Vm, Tomia.ErrorDelegate)</Name>
              <FileRef uid="41" />
              <SequencePoints>
                <SequencePoint vc="16" uspid="2097" ordinal="0" offset="0" sl="270" sc="3" el="270" ec="3" bec="0" bev="0" fileid="41" />
                <SequencePoint vc="16" uspid="2098" ordinal="0" offset="1" sl="271" sc="4" el="271" ec="4" bec="0" bev="0" fileid="41" />
                <SequencePoint vc="0" uspid="2099" ordinal="0" offset="11" sl="271" sc="27" el="271" ec="27" bec="0" bev="0" fileid="41" />
                <SequencePoint vc="16" uspid="2100" ordinal="0" offset="13" sl="272" sc="4" el="272" ec="4" bec="0" bev="0" fileid="41" />
                <SequencePoint vc="16" uspid="2101" ordinal="0" offset="36" sl="273" sc="3" el="273" ec="3" bec="0" bev="0" fileid="41" />
              </SequencePoints>
              <BranchPoints />
            </Method>
            <Method visited="true" cyclomaticComplexity="2" nPathComplexity="0" sequenceCoverage="80.00" branchCoverage="0" crapScore="2.03" isConstructor="false" isStatic="true" isGetter="false" isSetter="false">
              <Summary numSequencePoints="5" visitedSequencePoints="4" numBranchPoints="0" visitedBranchPoints="0" sequenceCoverage="80.00" branchCoverage="0" maxCyclomaticComplexity="2" minCyclomaticComplexity="2" maxCrapScore="2.03" minCrapScore="2.03" visitedClasses="0" numClasses="0" visitedMethods="1" numMethods="1" />
              <MetadataToken>100663459</MetadataToken>
              <Name>static System.Void Tomia.VmUtils::SetResolveModuleListener(Tomia.Vm, Tomia.ResolveModuleDelegate)</Name>
              <FileRef uid="41" />
              <SequencePoints>
                <SequencePoint vc="2" uspid="2102" ordinal="0" offset="0" sl="276" sc="3" el="276" ec="3" bec="0" bev="0" fileid="41" />
                <SequencePoint vc="2" uspid="2103" ordinal="0" offset="1" sl="277" sc="4" el="277" ec="4" bec="0" bev="0" fileid="41" />
                <SequencePoint vc="0" uspid="2104" ordinal="0" offset="11" sl="277" sc="27" el="277" ec="27" bec="0" bev="0" fileid="41" />
                <SequencePoint vc="2" uspid="2105" ordinal="0" offset="13" sl="278" sc="4" el="278" ec="4" bec="0" bev="0" fileid="41" />
                <SequencePoint vc="2" uspid="2106" ordinal="0" offset="36" sl="279" sc="3" el="279" ec="3" bec="0" bev="0" fileid="41" />
              </SequencePoints>
              <BranchPoints />
            </Method>
            <Method visited="true" cyclomaticComplexity="2" nPathComplexity="0" sequenceCoverage="80.00" branchCoverage="0" crapScore="2.03" isConstructor="false" isStatic="true" isGetter="false" isSetter="false">
              <Summary numSequencePoints="5" visitedSequencePoints="4" numBranchPoints="0" visitedBranchPoints="0" sequenceCoverage="80.00" branchCoverage="0" maxCyclomaticComplexity="2" minCyclomaticComplexity="2" maxCrapScore="2.03" minCrapScore="2.03" visitedClasses="0" numClasses="0" visitedMethods="1" numMethods="1" />
              <MetadataToken>100663460</MetadataToken>
              <Name>static System.Void Tomia.VmUtils::SetLoadModuleListener(Tomia.Vm, Tomia.LoadModuleDelegate)</Name>
              <FileRef uid="41" />
              <SequencePoints>
                <SequencePoint vc="5" uspid="2107" ordinal="0" offset="0" sl="282" sc="3" el="282" ec="3" bec="0" bev="0" fileid="41" />
                <SequencePoint vc="5" uspid="2108" ordinal="0" offset="1" sl="283" sc="4" el="283" ec="4" bec="0" bev="0" fileid="41" />
                <SequencePoint vc="0" uspid="2109" ordinal="0" offset="11" sl="283" sc="27" el="283" ec="27" bec="0" bev="0" fileid="41" />
                <SequencePoint vc="5" uspid="2110" ordinal="0" offset="13" sl="284" sc="4" el="284" ec="4" bec="0" bev="0" fileid="41" />
                <SequencePoint vc="5" uspid="2111" ordinal="0" offset="36" sl="285" sc="3" el="285" ec="3" bec="0" bev="0" fileid="41" />
              </SequencePoints>
              <BranchPoints />
            </Method>
            <Method visited="true" cyclomaticComplexity="2" nPathComplexity="0" sequenceCoverage="80.00" branchCoverage="0" crapScore="2.03" isConstructor="false" isStatic="true" isGetter="false" isSetter="false">
              <Summary numSequencePoints="5" visitedSequencePoints="4" numBranchPoints="0" visitedBranchPoints="0" sequenceCoverage="80.00" branchCoverage="0" maxCyclomaticComplexity="2" minCyclomaticComplexity="2" maxCrapScore="2.03" minCrapScore="2.03" visitedClasses="0" numClasses="0" visitedMethods="1" numMethods="1" />
              <MetadataToken>100663461</MetadataToken>
              <Name>static System.Void Tomia.VmUtils::SetBindForeignMethodListener(Tomia.Vm, Tomia.BindForeignMethodDelegate)</Name>
              <FileRef uid="41" />
              <SequencePoints>
                <SequencePoint vc="3" uspid="2112" ordinal="0" offset="0" sl="288" sc="3" el="288" ec="3" bec="0" bev="0" fileid="41" />
                <SequencePoint vc="3" uspid="2113" ordinal="0" offset="1" sl="289" sc="4" el="289" ec="4" bec="0" bev="0" fileid="41" />
                <SequencePoint vc="0" uspid="2114" ordinal="0" offset="11" sl="289" sc="27" el="289" ec="27" bec="0" bev="0" fileid="41" />
                <SequencePoint vc="3" uspid="2115" ordinal="0" offset="13" sl="290" sc="4" el="290" ec="4" bec="0" bev="0" fileid="41" />
                <SequencePoint vc="3" uspid="2116" ordinal="0" offset="36" sl="291" sc="3" el="291" ec="3" bec="0" bev="0" fileid="41" />
              </SequencePoints>
              <BranchPoints />
            </Method>
            <Method visited="true" cyclomaticComplexity="2" nPathComplexity="0" sequenceCoverage="80.00" branchCoverage="0" crapScore="2.03" isConstructor="false" isStatic="true" isGetter="false" isSetter="false">
              <Summary numSequencePoints="5" visitedSequencePoints="4" numBranchPoints="0" visitedBranchPoints="0" sequenceCoverage="80.00" branchCoverage="0" maxCyclomaticComplexity="2" minCyclomaticComplexity="2" maxCrapScore="2.03" minCrapScore="2.03" visitedClasses="0" numClasses="0" visitedMethods="1" numMethods="1" />
              <MetadataToken>100663462</MetadataToken>
              <Name>static System.Void Tomia.VmUtils::SetBindForeignClassListener(Tomia.Vm, Tomia.BindForeignClassDelegate)</Name>
              <FileRef uid="41" />
              <SequencePoints>
                <SequencePoint vc="2" uspid="2117" ordinal="0" offset="0" sl="294" sc="3" el="294" ec="3" bec="0" bev="0" fileid="41" />
                <SequencePoint vc="2" uspid="2118" ordinal="0" offset="1" sl="295" sc="4" el="295" ec="4" bec="0" bev="0" fileid="41" />
                <SequencePoint vc="0" uspid="2119" ordinal="0" offset="11" sl="295" sc="27" el="295" ec="27" bec="0" bev="0" fileid="41" />
                <SequencePoint vc="2" uspid="2120" ordinal="0" offset="13" sl="296" sc="4" el="296" ec="4" bec="0" bev="0" fileid="41" />
                <SequencePoint vc="2" uspid="2121" ordinal="0" offset="36" sl="297" sc="3" el="297" ec="3" bec="0" bev="0" fileid="41" />
              </SequencePoints>
              <BranchPoints />
            </Method>
            <Method visited="false" cyclomaticComplexity="2" nPathComplexity="0" sequenceCoverage="0.0" branchCoverage="0" crapScore="6" isConstructor="false" isStatic="true" isGetter="false" isSetter="false">
              <Summary numSequencePoints="5" visitedSequencePoints="0" numBranchPoints="0" visitedBranchPoints="0" sequenceCoverage="0.0" branchCoverage="0" maxCyclomaticComplexity="2" minCyclomaticComplexity="2" maxCrapScore="6" minCrapScore="6" visitedClasses="0" numClasses="0" visitedMethods="0" numMethods="1" />
              <MetadataToken>100663463</MetadataToken>
              <Name>static System.Void Tomia.VmUtils::SetUserData[T](Tomia.Vm, T)</Name>
              <FileRef uid="41" />
              <SequencePoints>
                <SequencePoint vc="0" uspid="2122" ordinal="0" offset="0" sl="300" sc="0" el="300" ec="0" bec="0" bev="0" fileid="41" />
                <SequencePoint vc="0" uspid="2123" ordinal="0" offset="1" sl="301" sc="0" el="301" ec="0" bec="0" bev="0" fileid="41" />
                <SequencePoint vc="0" uspid="2124" ordinal="0" offset="11" sl="301" sc="0" el="301" ec="0" bec="0" bev="0" fileid="41" />
                <SequencePoint vc="0" uspid="2125" ordinal="0" offset="13" sl="302" sc="0" el="302" ec="0" bec="0" bev="0" fileid="41" />
                <SequencePoint vc="0" uspid="2126" ordinal="0" offset="41" sl="303" sc="0" el="303" ec="0" bec="0" bev="0" fileid="41" />
              </SequencePoints>
              <BranchPoints />
            </Method>
            <Method visited="false" cyclomaticComplexity="2" nPathComplexity="0" sequenceCoverage="0.0" branchCoverage="0" crapScore="6" isConstructor="false" isStatic="true" isGetter="false" isSetter="false">
              <Summary numSequencePoints="5" visitedSequencePoints="0" numBranchPoints="0" visitedBranchPoints="0" sequenceCoverage="0.0" branchCoverage="0" maxCyclomaticComplexity="2" minCyclomaticComplexity="2" maxCrapScore="6" minCrapScore="6" visitedClasses="0" numClasses="0" visitedMethods="0" numMethods="1" />
              <MetadataToken>100663464</MetadataToken>
              <Name>static T Tomia.VmUtils::GetUserData[T](Tomia.Vm)</Name>
              <FileRef uid="41" />
              <SequencePoints>
                <SequencePoint vc="0" uspid="2127" ordinal="0" offset="0" sl="306" sc="0" el="306" ec="0" bec="0" bev="0" fileid="41" />
                <SequencePoint vc="0" uspid="2128" ordinal="0" offset="1" sl="307" sc="0" el="307" ec="0" bec="0" bev="0" fileid="41" />
                <SequencePoint vc="0" uspid="2129" ordinal="0" offset="11" sl="307" sc="0" el="307" ec="0" bec="0" bev="0" fileid="41" />
                <SequencePoint vc="0" uspid="2130" ordinal="0" offset="23" sl="308" sc="0" el="308" ec="0" bec="0" bev="0" fileid="41" />
                <SequencePoint vc="0" uspid="2131" ordinal="0" offset="53" sl="309" sc="0" el="309" ec="0" bec="0" bev="0" fileid="41" />
              </SequencePoints>
              <BranchPoints />
            </Method>
            <Method visited="true" cyclomaticComplexity="1" nPathComplexity="0" sequenceCoverage="100.0" branchCoverage="0" crapScore="1" isConstructor="true" isStatic="true" isGetter="false" isSetter="false">
              <Summary numSequencePoints="6" visitedSequencePoints="6" numBranchPoints="0" visitedBranchPoints="0" sequenceCoverage="100.0" branchCoverage="0" maxCyclomaticComplexity="1" minCyclomaticComplexity="1" maxCrapScore="1" minCrapScore="1" visitedClasses="0" numClasses="0" visitedMethods="1" numMethods="1" />
              <MetadataToken>100663435</MetadataToken>
              <Name>static Tomia.VmUtils::VmUtils()</Name>
              <FileRef uid="41" />
              <SequencePoints>
                <SequencePoint vc="1" uspid="2132" ordinal="0" offset="0" sl="115" sc="3" el="115" ec="3" bec="0" bev="0" fileid="41" />
                <SequencePoint vc="1" uspid="2133" ordinal="0" offset="15" sl="116" sc="3" el="116" ec="3" bec="0" bev="0" fileid="41" />
                <SequencePoint vc="1" uspid="2134" ordinal="0" offset="30" sl="118" sc="3" el="118" ec="3" bec="0" bev="0" fileid="41" />
                <SequencePoint vc="1" uspid="2135" ordinal="0" offset="41" sl="121" sc="3" el="121" ec="3" bec="0" bev="0" fileid="41" />
                <SequencePoint vc="1" uspid="2136" ordinal="0" offset="42" sl="122" sc="4" el="122" ec="4" bec="0" bev="0" fileid="41" />
                <SequencePoint vc="1" uspid="2137" ordinal="0" offset="60" sl="123" sc="3" el="123" ec="3" bec="0" bev="0" fileid="41" />
              </SequencePoints>
              <BranchPoints />
            </Method>
          </Methods>
        </Class>
        <Class>
          <Summary numSequencePoints="2" visitedSequencePoints="0" numBranchPoints="0" visitedBranchPoints="0" sequenceCoverage="0.0" branchCoverage="0.0" maxCyclomaticComplexity="1" minCyclomaticComplexity="1" maxCrapScore="2" minCrapScore="2" visitedClasses="0" numClasses="1" visitedMethods="0" numMethods="2" />
          <FullName>Tomia.WrenScript</FullName>
          <Methods>
            <Method visited="false" cyclomaticComplexity="1" nPathComplexity="0" sequenceCoverage="0.0" branchCoverage="0" crapScore="2" isConstructor="false" isStatic="false" isGetter="false" isSetter="true">
              <Summary numSequencePoints="1" visitedSequencePoints="0" numBranchPoints="0" visitedBranchPoints="0" sequenceCoverage="0.0" branchCoverage="0" maxCyclomaticComplexity="1" minCyclomaticComplexity="1" maxCrapScore="2" minCrapScore="2" visitedClasses="0" numClasses="0" visitedMethods="0" numMethods="1" />
              <MetadataToken>100663465</MetadataToken>
              <Name>System.Void Tomia.WrenScript::set_Text(System.String)</Name>
              <FileRef uid="42" />
              <SequencePoints>
                <SequencePoint vc="0" uspid="2138" ordinal="0" offset="0" sl="14" sc="0" el="14" ec="0" bec="0" bev="0" fileid="42" />
              </SequencePoints>
              <BranchPoints />
            </Method>
            <Method visited="false" cyclomaticComplexity="1" nPathComplexity="0" sequenceCoverage="0.0" branchCoverage="0" crapScore="2" isConstructor="false" isStatic="false" isGetter="true" isSetter="false">
              <Summary numSequencePoints="1" visitedSequencePoints="0" numBranchPoints="0" visitedBranchPoints="0" sequenceCoverage="0.0" branchCoverage="0" maxCyclomaticComplexity="1" minCyclomaticComplexity="1" maxCrapScore="2" minCrapScore="2" visitedClasses="0" numClasses="0" visitedMethods="0" numMethods="1" />
              <MetadataToken>100663466</MetadataToken>
              <Name>System.String Tomia.WrenScript::get_Text()</Name>
              <FileRef uid="42" />
              <SequencePoints>
                <SequencePoint vc="0" uspid="2139" ordinal="0" offset="0" sl="15" sc="0" el="15" ec="0" bec="0" bev="0" fileid="42" />
              </SequencePoints>
              <BranchPoints />
            </Method>
          </Methods>
        </Class>
        <Class>
          <Summary numSequencePoints="3" visitedSequencePoints="0" numBranchPoints="0" visitedBranchPoints="0" sequenceCoverage="0.0" branchCoverage="0.0" maxCyclomaticComplexity="1" minCyclomaticComplexity="1" maxCrapScore="2" minCrapScore="2" visitedClasses="0" numClasses="1" visitedMethods="0" numMethods="1" />
          <FullName>Tomia.WrenScript/Inspector</FullName>
          <Methods>
            <Method visited="false" cyclomaticComplexity="1" nPathComplexity="0" sequenceCoverage="0.0" branchCoverage="0" crapScore="2" isConstructor="false" isStatic="false" isGetter="false" isSetter="false">
              <Summary numSequencePoints="3" visitedSequencePoints="0" numBranchPoints="0" visitedBranchPoints="0" sequenceCoverage="0.0" branchCoverage="0" maxCyclomaticComplexity="1" minCyclomaticComplexity="1" maxCrapScore="2" minCrapScore="2" visitedClasses="0" numClasses="0" visitedMethods="0" numMethods="1" />
              <MetadataToken>100663547</MetadataToken>
              <Name>UnityEngine.UIElements.VisualElement Tomia.WrenScript/Inspector::CreateInspectorGUI()</Name>
              <FileRef uid="42" />
              <SequencePoints>
                <SequencePoint vc="0" uspid="2140" ordinal="0" offset="0" sl="24" sc="0" el="24" ec="0" bec="0" bev="0" fileid="42" />
                <SequencePoint vc="0" uspid="2141" ordinal="0" offset="1" sl="25" sc="0" el="25" ec="0" bec="0" bev="0" fileid="42" />
                <SequencePoint vc="0" uspid="2142" ordinal="0" offset="37" sl="31" sc="0" el="31" ec="0" bec="0" bev="0" fileid="42" />
              </SequencePoints>
              <BranchPoints />
            </Method>
          </Methods>
        </Class>
      </Classes>
    </Module>
  </Modules>
</CoverageSession>